#
# A fatal error has been detected by the Java Runtime Environment:
#
#  SIGILL (0x4) at pc=0x00007fff985b9bde, pid=30873, tid=72799
#
# JRE version: Java(TM) SE Runtime Environment (8.0_77-b03) (build 1.8.0_77-b03)
# Java VM: Java HotSpot(TM) 64-Bit Server VM (25.77-b03 mixed mode bsd-amd64 compressed oops)
# Problematic frame:
# C  [libsystem_platform.dylib+0x5bde]  _os_unfair_lock_corruption_abort+0x17
#
# Failed to write core dump. Core dumps have been disabled. To enable core dumping, try "ulimit -c unlimited" before starting Java again
#
# If you would like to submit a bug report, please visit:
#   http://bugreport.java.com/bugreport/crash.jsp
#

---------------  T H R E A D  ---------------

Current thread is native thread

siginfo: si_signo: 4 (SIGILL), si_code: 1 (ILL_ILLOPC), si_addr: 0x00007fff985b9bde

Registers:
RAX=0x00000000ff000000, RBX=0x00000000ff000000, RCX=0x00007fff985bbb6c, RDX=0x0000000000000000
RSP=0x000070000e935b08, RBP=0x000070000e935b40, RSI=0x00007fffa0fec140, RDI=0x00000000ff000000
R8 =0x0000000000000007, R9 =0x00007ffd5c57d9e0, R10=0x0000000000000000, R11=0x0000000000000246
R12=0x00007fffa0fec140, R13=0x0000000000011c5f, R14=0x0000000001010002, R15=0x0000000000011c5f
RIP=0x00007fff985b9bde, EFLAGS=0x0000000000010246, ERR=0x0000000000000000
  TRAPNO=0x0000000000000006

Top of Stack: (sp=0x000070000e935b08)
0x000070000e935b08:   00007fff985b944e 00000000ff000000
0x000070000e935b18:   00007ffd5c752670 0000000000000018
0x000070000e935b28:   0000000000000000 00007fffa0fec140
0x000070000e935b38:   0000000000000000 000070000e935b70
0x000070000e935b48:   00007fff97ac5082 0000000000000000
0x000070000e935b58:   00007ffd5c752660 00007fff81be9db8
0x000070000e935b68:   00007fff97abeb40 000070000e935be0
0x000070000e935b78:   00007fff81892918 4010000000000000
0x000070000e935b88:   0000000000000000 0000000000000000
0x000070000e935b98:   0000000000000000 00007ffd5c752660
0x000070000e935ba8:   4000000000000000 0000000000000000
0x000070000e935bb8:   00007ffd62006480 0000000100602500
0x000070000e935bc8:   0000000000000000 00007ffd63b6b040
0x000070000e935bd8:   ffffffffffffffff 000070000e935c00
0x000070000e935be8:   00007fff81892d0b 0000000000000000
0x000070000e935bf8:   00007ffd5c752760 000070000e935c20
0x000070000e935c08:   00007fff98374128 00000000000008ff
0x000070000e935c18:   0000000000000000 000070000e935c70
0x000070000e935c28:   00007fff98389c10 000070000e935cd0
0x000070000e935c38:   00007ffd5c752760 0000000000000000
0x000070000e935c48:   00007ffd5c65a520 0000000100602500
0x000070000e935c58:   00007ffd5c6b7210 0000000000000001
0x000070000e935c68:   00007ffd5c752760 000070000e935cb0
0x000070000e935c78:   00007fff9837fad2 0001000000018000
0x000070000e935c88:   0010000000000000 00007ffd5c752760
0x000070000e935c98:   00007ffd5c65a558 0000000400000000
0x000070000e935ca8:   00007ffd5c65a520 000070000e935d60
0x000070000e935cb8:   00007fff98376966 00007fffa106f440
0x000070000e935cc8:   fff0000100000000 000070000e935d60
0x000070000e935cd8:   00007fff98379289 00000001001f7000
0x000070000e935ce8:   00007fff98376232 00007ffd5c6b7210
0x000070000e935cf8:   0000000000000000 00007fffa106f440 

Instructions: (pc=0x00007fff985b9bde)
0x00007fff985b9bbe:   89 f7 e8 55 18 00 00 eb ae 89 f8 48 8d 0d 9c 1f
0x00007fff985b9bce:   00 00 48 89 0d e1 46 ae 08 48 89 05 0a 47 ae 08
0x00007fff985b9bde:   0f 0b 89 f8 48 8d 0d 12 20 00 00 48 89 0d c8 46
0x00007fff985b9bee:   ae 08 48 89 05 f1 46 ae 08 0f 0b 55 48 89 e5 41 

Register to memory mapping:

RAX=0x00000000ff000000 is an unknown value
RBX=0x00000000ff000000 is an unknown value
RCX=0x00007fff985bbb6c: _h+0x25c in /usr/lib/system/libsystem_platform.dylib at 0x00007fff985b4000
RDX=0x0000000000000000 is an unknown value
RSP=0x000070000e935b08 is an unknown value
RBP=0x000070000e935b40 is an unknown value
RSI=0x00007fffa0fec140: _ZL13PropertyLocks+0xd00 in /usr/lib/libobjc.A.dylib at 0x00007fff97ab8000
RDI=0x00000000ff000000 is an unknown value
R8 =0x0000000000000007 is an unknown value
R9 =0x00007ffd5c57d9e0 is an unknown value
R10=0x0000000000000000 is an unknown value
R11=0x0000000000000246 is an unknown value
R12=0x00007fffa0fec140: _ZL13PropertyLocks+0xd00 in /usr/lib/libobjc.A.dylib at 0x00007fff97ab8000
R13=0x0000000000011c5f is an unknown value
R14=0x0000000001010002 is an unknown value
R15=0x0000000000011c5f is an unknown value


Stack: [0x000070000e8b6000,0x000070000e936000],  sp=0x000070000e935b08,  free space=510k
Native frames: (J=compiled Java code, j=interpreted, Vv=VM code, C=native code)
C  [libsystem_platform.dylib+0x5bde]  _os_unfair_lock_corruption_abort+0x17
C  [libobjc.A.dylib+0xd082]  objc_getProperty+0x5c
C  [AppKit+0x8d7918]  -[NSDockConnection _makeConnectionIfNeededWithRetryInterval:onDemand:]+0x111
C  [AppKit+0x8d7d0b]  __70-[NSDockConnection _makeConnectionIfNeededWithRetryInterval:onDemand:]_block_invoke_2+0x53
C  [libdispatch.dylib+0x2128]  _dispatch_client_callout+0x8
C  [libdispatch.dylib+0x17c10]  _dispatch_continuation_pop+0x215
C  [libdispatch.dylib+0xdad2]  _dispatch_source_latch_and_call+0xc0
C  [libdispatch.dylib+0x4966]  _dispatch_source_invoke+0x4e0
C  [libdispatch.dylib+0x189d2]  _dispatch_queue_serial_drain+0x1bb
C  [libdispatch.dylib+0xad41]  _dispatch_queue_invoke+0x416
C  [libdispatch.dylib+0x3ee0]  _dispatch_root_queue_drain+0x1dc
C  [libdispatch.dylib+0x3cb7]  _dispatch_worker_thread3+0x63
C  [libsystem_pthread.dylib+0x3746]  _pthread_wqthread+0x513
C  [libsystem_pthread.dylib+0x3221]  start_wqthread+0xd


---------------  P R O C E S S  ---------------

VM state:not at safepoint (normal execution)

VM Mutex/Monitor currently owned by a thread: None

Heap:
 PSYoungGen      total 71680K, used 61410K [0x0000000795580000, 0x000000079a080000, 0x00000007c0000000)
  eden space 66560K, 92% used [0x0000000795580000,0x0000000799178868,0x0000000799680000)
  from space 5120K, 0% used [0x0000000799b80000,0x0000000799b80000,0x000000079a080000)
  to   space 5120K, 0% used [0x0000000799680000,0x0000000799680000,0x0000000799b80000)
 ParOldGen       total 51712K, used 8670K [0x0000000740000000, 0x0000000743280000, 0x0000000795580000)
  object space 51712K, 16% used [0x0000000740000000,0x0000000740877a70,0x0000000743280000)
 Metaspace       used 24932K, capacity 25204K, committed 25600K, reserved 1071104K
  class space    used 3093K, capacity 3208K, committed 3328K, reserved 1048576K

Card table byte_map: [0x0000000101f4f000,0x0000000102350000] byte_map_base: 0x00000000fe54f000

Marking Bits: (ParMarkBitMap*) 0x00000001014e3ea0
 Begin Bits: [0x0000000112786000, 0x0000000114786000)
 End Bits:   [0x0000000114786000, 0x0000000116786000)

Polling page: 0x000000010029b000

CodeCache: size=245760Kb used=11820Kb max_used=11830Kb free=233939Kb
 bounds [0x0000000103786000, 0x0000000104326000, 0x0000000112786000]
 total_blobs=4267 nmethods=3647 adapters=531
 compilation: enabled

Compilation events (10 events):
Event: 295.752 Thread 0x00007ffd5d844800 4018       4       java.util.TaskQueue::rescheduleMin (16 bytes)
Event: 295.753 Thread 0x00007ffd5d844800 nmethod 4018 0x000000010431efd0 code [0x000000010431f120, 0x000000010431f1f8]
Event: 299.296 Thread 0x00007ffd5c82d800 4019   !   4       com.teamdev.jxbrowser.chromium.internal.u::run (61 bytes)
Event: 299.299 Thread 0x00007ffd5c82d800 nmethod 4019 0x000000010431ead0 code [0x000000010431ec20, 0x000000010431eeb8]
Event: 563.414 Thread 0x00007ffd5d844800 4020       4       sun.java2d.pipe.RenderQueue::tryLock (4 bytes)
Event: 563.417 Thread 0x00007ffd5d844800 nmethod 4020 0x00000001038bb350 code [0x00000001038bb4a0, 0x00000001038bb5b8]
Event: 1421.098 Thread 0x00007ffd5e01d000 4021 % !   3       java.util.TimerThread::mainLoop @ 0 (232 bytes)
Event: 1421.103 Thread 0x00007ffd5e01d000 nmethod 4021% 0x0000000104305350 code [0x00000001043055e0, 0x0000000104306878]
Event: 1444.578 Thread 0x00007ffd5e01d000 4022   !   3       java.util.TimerThread::mainLoop (232 bytes)
Event: 1444.580 Thread 0x00007ffd5e01d000 nmethod 4022 0x0000000104323110 code [0x0000000104323380, 0x0000000104324538]

GC Heap History (10 events):
Event: 7.599 GC heap before
{Heap before GC invocations=1 (full 0):
 PSYoungGen      total 38400K, used 33280K [0x0000000795580000, 0x0000000798000000, 0x00000007c0000000)
  eden space 33280K, 100% used [0x0000000795580000,0x0000000797600000,0x0000000797600000)
  from space 5120K, 0% used [0x0000000797b00000,0x0000000797b00000,0x0000000798000000)
  to   space 5120K, 0% used [0x0000000797600000,0x0000000797600000,0x0000000797b00000)
 ParOldGen       total 87552K, used 0K [0x0000000740000000, 0x0000000745580000, 0x0000000795580000)
  object space 87552K, 0% used [0x0000000740000000,0x0000000740000000,0x0000000745580000)
 Metaspace       used 18918K, capacity 19180K, committed 19456K, reserved 1067008K
  class space    used 2360K, capacity 2464K, committed 2560K, reserved 1048576K
Event: 7.616 GC heap after
Heap after GC invocations=1 (full 0):
 PSYoungGen      total 38400K, used 5093K [0x0000000795580000, 0x0000000798000000, 0x00000007c0000000)
  eden space 33280K, 0% used [0x0000000795580000,0x0000000795580000,0x0000000797600000)
  from space 5120K, 99% used [0x0000000797600000,0x0000000797af9558,0x0000000797b00000)
  to   space 5120K, 0% used [0x0000000797b00000,0x0000000797b00000,0x0000000798000000)
 ParOldGen       total 87552K, used 3453K [0x0000000740000000, 0x0000000745580000, 0x0000000795580000)
  object space 87552K, 3% used [0x0000000740000000,0x000000074035f568,0x0000000745580000)
 Metaspace       used 18918K, capacity 19180K, committed 19456K, reserved 1067008K
  class space    used 2360K, capacity 2464K, committed 2560K, reserved 1048576K
}
Event: 7.976 GC heap before
{Heap before GC invocations=2 (full 0):
 PSYoungGen      total 38400K, used 37733K [0x0000000795580000, 0x0000000798000000, 0x00000007c0000000)
  eden space 33280K, 98% used [0x0000000795580000,0x000000079755fea8,0x0000000797600000)
  from space 5120K, 99% used [0x0000000797600000,0x0000000797af9558,0x0000000797b00000)
  to   space 5120K, 0% used [0x0000000797b00000,0x0000000797b00000,0x0000000798000000)
 ParOldGen       total 87552K, used 3453K [0x0000000740000000, 0x0000000745580000, 0x0000000795580000)
  object space 87552K, 3% used [0x0000000740000000,0x000000074035f568,0x0000000745580000)
 Metaspace       used 19250K, capacity 19500K, committed 19712K, reserved 1067008K
  class space    used 2362K, capacity 2464K, committed 2560K, reserved 1048576K
Event: 7.991 GC heap after
Heap after GC invocations=2 (full 0):
 PSYoungGen      total 38400K, used 3936K [0x0000000795580000, 0x000000079a080000, 0x00000007c0000000)
  eden space 33280K, 0% used [0x0000000795580000,0x0000000795580000,0x0000000797600000)
  from space 5120K, 76% used [0x0000000797b00000,0x0000000797ed83c8,0x0000000798000000)
  to   space 5120K, 0% used [0x0000000797600000,0x0000000797600000,0x0000000797b00000)
 ParOldGen       total 87552K, used 3461K [0x0000000740000000, 0x0000000745580000, 0x0000000795580000)
  object space 87552K, 3% used [0x0000000740000000,0x0000000740361568,0x0000000745580000)
 Metaspace       used 19250K, capacity 19500K, committed 19712K, reserved 1067008K
  class space    used 2362K, capacity 2464K, committed 2560K, reserved 1048576K
}
Event: 8.161 GC heap before
{Heap before GC invocations=3 (full 0):
 PSYoungGen      total 38400K, used 37216K [0x0000000795580000, 0x000000079a080000, 0x00000007c0000000)
  eden space 33280K, 100% used [0x0000000795580000,0x0000000797600000,0x0000000797600000)
  from space 5120K, 76% used [0x0000000797b00000,0x0000000797ed83c8,0x0000000798000000)
  to   space 5120K, 0% used [0x0000000797600000,0x0000000797600000,0x0000000797b00000)
 ParOldGen       total 87552K, used 3461K [0x0000000740000000, 0x0000000745580000, 0x0000000795580000)
  object space 87552K, 3% used [0x0000000740000000,0x0000000740361568,0x0000000745580000)
 Metaspace       used 19359K, capacity 19634K, committed 19968K, reserved 1067008K
  class space    used 2363K, capacity 2465K, committed 2560K, reserved 1048576K
Event: 8.169 GC heap after
Heap after GC invocations=3 (full 0):
 PSYoungGen      total 38400K, used 5109K [0x0000000795580000, 0x000000079a080000, 0x00000007c0000000)
  eden space 33280K, 0% used [0x0000000795580000,0x0000000795580000,0x0000000797600000)
  from space 5120K, 99% used [0x0000000797600000,0x0000000797afd568,0x0000000797b00000)
  to   space 5120K, 0% used [0x0000000799b80000,0x0000000799b80000,0x000000079a080000)
 ParOldGen       total 87552K, used 4921K [0x0000000740000000, 0x0000000745580000, 0x0000000795580000)
  object space 87552K, 5% used [0x0000000740000000,0x00000007404ce578,0x0000000745580000)
 Metaspace       used 19359K, capacity 19634K, committed 19968K, reserved 1067008K
  class space    used 2363K, capacity 2465K, committed 2560K, reserved 1048576K
}
Event: 11.200 GC heap before
{Heap before GC invocations=4 (full 0):
 PSYoungGen      total 38400K, used 37932K [0x0000000795580000, 0x000000079a080000, 0x00000007c0000000)
  eden space 33280K, 98% used [0x0000000795580000,0x000000079758dd08,0x0000000797600000)
  from space 5120K, 99% used [0x0000000797600000,0x0000000797afd568,0x0000000797b00000)
  to   space 5120K, 0% used [0x0000000799b80000,0x0000000799b80000,0x000000079a080000)
 ParOldGen       total 87552K, used 4921K [0x0000000740000000, 0x0000000745580000, 0x0000000795580000)
  object space 87552K, 5% used [0x0000000740000000,0x00000007404ce578,0x0000000745580000)
 Metaspace       used 20799K, capacity 21050K, committed 21296K, reserved 1069056K
  class space    used 2541K, capacity 2657K, committed 2688K, reserved 1048576K
Event: 11.213 GC heap after
Heap after GC invocations=4 (full 0):
 PSYoungGen      total 71680K, used 5093K [0x0000000795580000, 0x000000079a080000, 0x00000007c0000000)
  eden space 66560K, 0% used [0x0000000795580000,0x0000000795580000,0x0000000799680000)
  from space 5120K, 99% used [0x0000000799b80000,0x000000079a079558,0x000000079a080000)
  to   space 5120K, 0% used [0x0000000799680000,0x0000000799680000,0x0000000799b80000)
 ParOldGen       total 87552K, used 6609K [0x0000000740000000, 0x0000000745580000, 0x0000000795580000)
  object space 87552K, 7% used [0x0000000740000000,0x0000000740674578,0x0000000745580000)
 Metaspace       used 20799K, capacity 21050K, committed 21296K, reserved 1069056K
  class space    used 2541K, capacity 2657K, committed 2688K, reserved 1048576K
}
Event: 11.213 GC heap before
{Heap before GC invocations=5 (full 1):
 PSYoungGen      total 71680K, used 5093K [0x0000000795580000, 0x000000079a080000, 0x00000007c0000000)
  eden space 66560K, 0% used [0x0000000795580000,0x0000000795580000,0x0000000799680000)
  from space 5120K, 99% used [0x0000000799b80000,0x000000079a079558,0x000000079a080000)
  to   space 5120K, 0% used [0x0000000799680000,0x0000000799680000,0x0000000799b80000)
 ParOldGen       total 87552K, used 6609K [0x0000000740000000, 0x0000000745580000, 0x0000000795580000)
  object space 87552K, 7% used [0x0000000740000000,0x0000000740674578,0x0000000745580000)
 Metaspace       used 20799K, capacity 21050K, committed 21296K, reserved 1069056K
  class space    used 2541K, capacity 2657K, committed 2688K, reserved 1048576K
Event: 11.266 GC heap after
Heap after GC invocations=5 (full 1):
 PSYoungGen      total 71680K, used 0K [0x0000000795580000, 0x000000079a080000, 0x00000007c0000000)
  eden space 66560K, 0% used [0x0000000795580000,0x0000000795580000,0x0000000799680000)
  from space 5120K, 0% used [0x0000000799b80000,0x0000000799b80000,0x000000079a080000)
  to   space 5120K, 0% used [0x0000000799680000,0x0000000799680000,0x0000000799b80000)
 ParOldGen       total 51712K, used 8670K [0x0000000740000000, 0x0000000743280000, 0x0000000795580000)
  object space 51712K, 16% used [0x0000000740000000,0x0000000740877a70,0x0000000743280000)
 Metaspace       used 20799K, capacity 21050K, committed 21296K, reserved 1069056K
  class space    used 2541K, capacity 2657K, committed 2688K, reserved 1048576K
}

Deoptimization events (10 events):
Event: 44.269 Thread 0x00007ffd5e09e800 Uncommon trap: reason=unstable_if action=reinterpret pc=0x000000010422db4c method=sun.java2d.opengl.OGLSurfaceData.validatePipe(Lsun/java2d/SunGraphics2D;)V @ 30
Event: 44.269 Thread 0x00007ffd5e09e800 Uncommon trap: reason=unstable_if action=reinterpret pc=0x0000000103debd0c method=sun.java2d.pipe.BufferedPaints.colorToIntArgbPrePixel(Ljava/awt/Color;Z)I @ 14
Event: 44.269 Thread 0x00007ffd5e09e800 Uncommon trap: reason=unstable_if action=reinterpret pc=0x000000010421c700 method=sun.java2d.pipe.DrawImage.scaleImage(Lsun/java2d/SunGraphics2D;Ljava/awt/Image;IIIIIIIILjava/awt/Color;)Z @ 178
Event: 44.270 Thread 0x00007ffd5e09e800 Uncommon trap: reason=unstable_if action=reinterpret pc=0x00000001041452ec method=sun.awt.image.SurfaceManager.getManager(Ljava/awt/Image;)Lsun/awt/image/SurfaceManager; @ 9
Event: 44.274 Thread 0x00007ffd5e09e800 Uncommon trap: reason=unstable_if action=reinterpret pc=0x0000000103d7dc38 method=sun.java2d.loops.RenderCache.get(Lsun/java2d/loops/SurfaceType;Lsun/java2d/loops/CompositeType;Lsun/java2d/loops/SurfaceType;)Ljava/lang/Object; @ 29
Event: 44.277 Thread 0x00007ffd5e09e800 Uncommon trap: reason=unstable_if action=reinterpret pc=0x0000000103eac4e0 method=sun.java2d.opengl.OGLBlitLoops.IsoBlit(Lsun/java2d/SurfaceData;Lsun/java2d/SurfaceData;Ljava/awt/image/BufferedImage;Ljava/awt/image/BufferedImageOp;Ljava/awt/Composite;Lsun
Event: 44.277 Thread 0x00007ffd5e09e800 Uncommon trap: reason=unstable_if action=reinterpret pc=0x00000001041e2a94 method=sun.java2d.pipe.BufferedContext.validate(Lsun/java2d/pipe/hw/AccelSurface;Lsun/java2d/pipe/hw/AccelSurface;Lsun/java2d/pipe/Region;Ljava/awt/Composite;Ljava/awt/geom/AffineT
Event: 44.286 Thread 0x00007ffd5e09e800 Uncommon trap: reason=unstable_if action=reinterpret pc=0x0000000104250d90 method=javax.swing.plaf.nimbus.AbstractRegionPainter.decodeX(F)F @ 28
Event: 48.709 Thread 0x00007ffd5e09e800 Uncommon trap: reason=unstable_if action=reinterpret pc=0x00000001040186dc method=java.awt.Container.findComponentAtImpl(IIZ)Ljava/awt/Component; @ 24
Event: 50.625 Thread 0x00007ffd5e09e800 Uncommon trap: reason=bimorphic action=maybe_recompile pc=0x000000010430f144 method=java.awt.EventQueue.dispatchEventImpl(Ljava/awt/AWTEvent;Ljava/lang/Object;)V @ 21

Internal exceptions (10 events):
Event: 6.909 Thread 0x00007ffd5e09e800 Exception <a 'java/lang/ArrayIndexOutOfBoundsException'> (0x0000000796c32138) thrown at [/Users/java_re/workspace/8-2-build-macosx-x86_64/jdk8u77/6540/hotspot/src/share/vm/runtime/sharedRuntime.cpp, line 605]
Event: 7.622 Thread 0x00007ffd5e004800 Exception <a 'java/lang/NullPointerException'> (0x0000000795597fd8) thrown at [/Users/java_re/workspace/8-2-build-macosx-x86_64/jdk8u77/6540/hotspot/src/share/vm/interpreter/linkResolver.cpp, line 1178]
Event: 7.889 Thread 0x00007ffd5e09e800 Implicit null exception at 0x0000000103d013ad to 0x0000000103d03d9d
Event: 8.295 Thread 0x00007ffd5e09e800 Implicit null exception at 0x0000000103dc0b05 to 0x0000000103dc1f91
Event: 13.537 Thread 0x00007ffd649da800 Exception <a 'java/net/BindException'> (0x00000007963ba8e8) thrown at [/Users/java_re/workspace/8-2-build-macosx-x86_64/jdk8u77/6540/hotspot/src/share/vm/prims/jni.cpp, line 709]
Event: 13.738 Thread 0x00007ffd5db88000 Implicit null exception at 0x0000000103e892a8 to 0x0000000103e89d45
Event: 27.352 Thread 0x00007ffd5e02d000 Implicit null exception at 0x00000001040ea750 to 0x00000001040eb395
Event: 30.540 Thread 0x00007ffd5e09e800 Implicit null exception at 0x0000000104140b63 to 0x0000000104140cc9
Event: 44.270 Thread 0x00007ffd5e09e800 Implicit null exception at 0x00000001041447f5 to 0x00000001041452c1
Event: 44.274 Thread 0x00007ffd5e09e800 Implicit null exception at 0x0000000103d7d9c3 to 0x0000000103d7dc21

Events (10 events):
Event: 103.209 Thread 0x00007ffd5dfa6800 Thread exited: 0x00007ffd5dfa6800
Event: 294.744 Thread 0x00007ffd5c82d800 flushing nmethod 0x00000001038ba590
Event: 306.874 Executing VM operation: RevokeBias
Event: 306.874 Executing VM operation: RevokeBias done
Event: 366.877 Executing VM operation: RevokeBias
Event: 366.877 Executing VM operation: RevokeBias done
Event: 366.877 Thread 0x00007ffd5db5a000 Thread exited: 0x00007ffd5db5a000
Event: 563.419 Thread 0x00007ffd5d844800 flushing nmethod 0x0000000103a57590
Event: 1444.584 Thread 0x00007ffd5e01d000 flushing nmethod 0x0000000103be18d0
Event: 1444.584 Thread 0x00007ffd5e01d000 flushing nmethod 0x0000000103be5150


Dynamic libraries:
0x000000000e16e000 	/System/Library/Frameworks/Cocoa.framework/Versions/A/Cocoa
0x000000000e16e000 	/System/Library/Frameworks/Security.framework/Versions/A/Security
0x000000000e16e000 	/System/Library/Frameworks/ApplicationServices.framework/Versions/A/ApplicationServices
0x000000000e16e000 	/usr/lib/libz.1.dylib
0x000000000e16e000 	/usr/lib/libSystem.B.dylib
0x000000000e16e000 	/usr/lib/libobjc.A.dylib
0x000000000e16e000 	/System/Library/Frameworks/CoreFoundation.framework/Versions/A/CoreFoundation
0x000000000e16e000 	/System/Library/Frameworks/Foundation.framework/Versions/C/Foundation
0x000000000e16e000 	/System/Library/Frameworks/AppKit.framework/Versions/C/AppKit
0x000000000e16e000 	/System/Library/Frameworks/CoreData.framework/Versions/A/CoreData
0x000000000e16e000 	/System/Library/PrivateFrameworks/RemoteViewServices.framework/Versions/A/RemoteViewServices
0x000000000e16e000 	/System/Library/PrivateFrameworks/UIFoundation.framework/Versions/A/UIFoundation
0x000000000e16e000 	/usr/lib/libenergytrace.dylib
0x000000000e16e000 	/System/Library/PrivateFrameworks/SkyLight.framework/Versions/A/SkyLight
0x000000000e16e000 	/System/Library/Frameworks/CoreGraphics.framework/Versions/A/CoreGraphics
0x000000000e16e000 	/usr/lib/libScreenReader.dylib
0x000000000e16e000 	/System/Library/Frameworks/Accelerate.framework/Versions/A/Accelerate
0x000000000e16e000 	/System/Library/Frameworks/IOSurface.framework/Versions/A/IOSurface
0x000000000e16e000 	/System/Library/Frameworks/AudioToolbox.framework/Versions/A/AudioToolbox
0x000000000e16e000 	/System/Library/Frameworks/AudioUnit.framework/Versions/A/AudioUnit
0x000000000e16e000 	/System/Library/PrivateFrameworks/DataDetectorsCore.framework/Versions/A/DataDetectorsCore
0x000000000e16e000 	/System/Library/PrivateFrameworks/DesktopServicesPriv.framework/Versions/A/DesktopServicesPriv
0x000000000e16e000 	/System/Library/Frameworks/Carbon.framework/Versions/A/Frameworks/HIToolbox.framework/Versions/A/HIToolbox
0x000000000e16e000 	/usr/lib/libicucore.A.dylib
0x000000000e16e000 	/System/Library/Frameworks/QuartzCore.framework/Versions/A/QuartzCore
0x000000000e16e000 	/System/Library/Frameworks/Carbon.framework/Versions/A/Frameworks/SpeechRecognition.framework/Versions/A/SpeechRecognition
0x000000000e16e000 	/usr/lib/libauto.dylib
0x000000000e16e000 	/usr/lib/libxml2.2.dylib
0x000000000e16e000 	/System/Library/PrivateFrameworks/CoreUI.framework/Versions/A/CoreUI
0x000000000e16e000 	/System/Library/Frameworks/CoreAudio.framework/Versions/A/CoreAudio
0x000000000e16e000 	/System/Library/Frameworks/DiskArbitration.framework/Versions/A/DiskArbitration
0x000000000e16e000 	/usr/lib/liblangid.dylib
0x000000000e16e000 	/System/Library/PrivateFrameworks/MultitouchSupport.framework/Versions/A/MultitouchSupport
0x000000000e16e000 	/System/Library/Frameworks/IOKit.framework/Versions/A/IOKit
0x000000000e16e000 	/usr/lib/libDiagnosticMessagesClient.dylib
0x000000000e16e000 	/System/Library/Frameworks/CoreServices.framework/Versions/A/CoreServices
0x000000000e16e000 	/System/Library/PrivateFrameworks/PerformanceAnalysis.framework/Versions/A/PerformanceAnalysis
0x000000000e16e000 	/System/Library/PrivateFrameworks/GenerationalStorage.framework/Versions/A/GenerationalStorage
0x000000000e16e000 	/System/Library/Frameworks/OpenGL.framework/Versions/A/OpenGL
0x000000000e16e000 	/System/Library/Frameworks/CoreImage.framework/Versions/A/CoreImage
0x000000000e16e000 	/System/Library/Frameworks/CoreText.framework/Versions/A/CoreText
0x000000000e16e000 	/System/Library/Frameworks/ImageIO.framework/Versions/A/ImageIO
0x000000000e16e000 	/System/Library/PrivateFrameworks/Backup.framework/Versions/A/Backup
0x000000000e16e000 	/usr/lib/libarchive.2.dylib
0x000000000e16e000 	/System/Library/Frameworks/CFNetwork.framework/Versions/A/CFNetwork
0x000000000e16e000 	/System/Library/Frameworks/SystemConfiguration.framework/Versions/A/SystemConfiguration
0x000000000e16e000 	/usr/lib/libCRFSuite.dylib
0x000000000e16e000 	/usr/lib/libc++.1.dylib
0x000000000e16e000 	/usr/lib/libc++abi.dylib
0x000000000e16e000 	/usr/lib/system/libcache.dylib
0x000000000e16e000 	/usr/lib/system/libcommonCrypto.dylib
0x000000000e16e000 	/usr/lib/system/libcompiler_rt.dylib
0x000000000e16e000 	/usr/lib/system/libcopyfile.dylib
0x000000000e16e000 	/usr/lib/system/libcorecrypto.dylib
0x000000000e16e000 	/usr/lib/system/libdispatch.dylib
0x000000000e16e000 	/usr/lib/system/libdyld.dylib
0x000000000e16e000 	/usr/lib/system/libkeymgr.dylib
0x000000000e16e000 	/usr/lib/system/liblaunch.dylib
0x000000000e16e000 	/usr/lib/system/libmacho.dylib
0x000000000e16e000 	/usr/lib/system/libquarantine.dylib
0x000000000e16e000 	/usr/lib/system/libremovefile.dylib
0x000000000e16e000 	/usr/lib/system/libsystem_asl.dylib
0x000000000e16e000 	/usr/lib/system/libsystem_blocks.dylib
0x000000000e16e000 	/usr/lib/system/libsystem_c.dylib
0x000000000e16e000 	/usr/lib/system/libsystem_configuration.dylib
0x000000000e16e000 	/usr/lib/system/libsystem_coreservices.dylib
0x000000000e16e000 	/usr/lib/system/libsystem_coretls.dylib
0x000000000e16e000 	/usr/lib/system/libsystem_dnssd.dylib
0x000000000e16e000 	/usr/lib/system/libsystem_info.dylib
0x000000000e16e000 	/usr/lib/system/libsystem_kernel.dylib
0x000000000e16e000 	/usr/lib/system/libsystem_m.dylib
0x000000000e16e000 	/usr/lib/system/libsystem_malloc.dylib
0x000000000e16e000 	/usr/lib/system/libsystem_network.dylib
0x000000000e16e000 	/usr/lib/system/libsystem_networkextension.dylib
0x000000000e16e000 	/usr/lib/system/libsystem_notify.dylib
0x000000000e16e000 	/usr/lib/system/libsystem_platform.dylib
0x000000000e16e000 	/usr/lib/system/libsystem_pthread.dylib
0x000000000e16e000 	/usr/lib/system/libsystem_sandbox.dylib
0x000000000e16e000 	/usr/lib/system/libsystem_secinit.dylib
0x000000000e16e000 	/usr/lib/system/libsystem_symptoms.dylib
0x000000000e16e000 	/usr/lib/system/libsystem_trace.dylib
0x000000000e16e000 	/usr/lib/system/libunwind.dylib
0x000000000e16e000 	/usr/lib/system/libxpc.dylib
0x000000000e16e000 	/usr/lib/libbsm.0.dylib
0x000000000e16e000 	/usr/lib/system/libkxld.dylib
0x000000000e16e000 	/usr/lib/libcoretls.dylib
0x000000000e16e000 	/usr/lib/libcoretls_cfhelpers.dylib
0x000000000e16e000 	/usr/lib/libxar.1.dylib
0x000000000e16e000 	/usr/lib/libsqlite3.dylib
0x000000000e16e000 	/usr/lib/libpam.2.dylib
0x000000000e16e000 	/usr/lib/libOpenScriptingUtil.dylib
0x000000000e16e000 	/usr/lib/libbz2.1.0.dylib
0x000000000e16e000 	/usr/lib/liblzma.5.dylib
0x000000000e16e000 	/usr/lib/libnetwork.dylib
0x000000000e16e000 	/usr/lib/libpcap.A.dylib
0x000000000e16e000 	/System/Library/Frameworks/CoreServices.framework/Versions/A/Frameworks/FSEvents.framework/Versions/A/FSEvents
0x000000000e16e000 	/System/Library/Frameworks/CoreServices.framework/Versions/A/Frameworks/CarbonCore.framework/Versions/A/CarbonCore
0x000000000e16e000 	/System/Library/Frameworks/CoreServices.framework/Versions/A/Frameworks/Metadata.framework/Versions/A/Metadata
0x000000000e16e000 	/System/Library/Frameworks/CoreServices.framework/Versions/A/Frameworks/OSServices.framework/Versions/A/OSServices
0x000000000e16e000 	/System/Library/Frameworks/CoreServices.framework/Versions/A/Frameworks/SearchKit.framework/Versions/A/SearchKit
0x000000000e16e000 	/System/Library/Frameworks/CoreServices.framework/Versions/A/Frameworks/AE.framework/Versions/A/AE
0x000000000e16e000 	/System/Library/Frameworks/CoreServices.framework/Versions/A/Frameworks/LaunchServices.framework/Versions/A/LaunchServices
0x000000000e16e000 	/System/Library/Frameworks/CoreServices.framework/Versions/A/Frameworks/DictionaryServices.framework/Versions/A/DictionaryServices
0x000000000e16e000 	/System/Library/Frameworks/CoreServices.framework/Versions/A/Frameworks/SharedFileList.framework/Versions/A/SharedFileList
0x000000000e16e000 	/System/Library/Frameworks/NetFS.framework/Versions/A/NetFS
0x000000000e16e000 	/System/Library/PrivateFrameworks/NetAuth.framework/Versions/A/NetAuth
0x000000000e16e000 	/System/Library/PrivateFrameworks/login.framework/Versions/A/Frameworks/loginsupport.framework/Versions/A/loginsupport
0x000000000e16e000 	/System/Library/PrivateFrameworks/TCC.framework/Versions/A/TCC
0x000000000e16e000 	/usr/lib/libmecabra.dylib
0x000000000e16e000 	/System/Library/Frameworks/ApplicationServices.framework/Versions/A/Frameworks/ATS.framework/Versions/A/ATS
0x000000000e16e000 	/System/Library/Frameworks/ApplicationServices.framework/Versions/A/Frameworks/ColorSync.framework/Versions/A/ColorSync
0x000000000e16e000 	/System/Library/Frameworks/ApplicationServices.framework/Versions/A/Frameworks/HIServices.framework/Versions/A/HIServices
0x000000000e16e000 	/System/Library/Frameworks/ApplicationServices.framework/Versions/A/Frameworks/LangAnalysis.framework/Versions/A/LangAnalysis
0x000000000e16e000 	/System/Library/Frameworks/ApplicationServices.framework/Versions/A/Frameworks/PrintCore.framework/Versions/A/PrintCore
0x000000000e16e000 	/System/Library/Frameworks/ApplicationServices.framework/Versions/A/Frameworks/QD.framework/Versions/A/QD
0x000000000e16e000 	/System/Library/Frameworks/ApplicationServices.framework/Versions/A/Frameworks/SpeechSynthesis.framework/Versions/A/SpeechSynthesis
0x000000000e16e000 	/System/Library/Frameworks/Accelerate.framework/Versions/A/Frameworks/vImage.framework/Versions/A/vImage
0x000000000e16e000 	/System/Library/Frameworks/Accelerate.framework/Versions/A/Frameworks/vecLib.framework/Versions/A/vecLib
0x000000000e16e000 	/System/Library/Frameworks/Accelerate.framework/Versions/A/Frameworks/vecLib.framework/Versions/A/libvDSP.dylib
0x000000000e16e000 	/System/Library/Frameworks/Accelerate.framework/Versions/A/Frameworks/vecLib.framework/Versions/A/libBNNS.dylib
0x000000000e16e000 	/System/Library/Frameworks/Accelerate.framework/Versions/A/Frameworks/vecLib.framework/Versions/A/libQuadrature.dylib
0x000000000e16e000 	/System/Library/Frameworks/Accelerate.framework/Versions/A/Frameworks/vecLib.framework/Versions/A/libvMisc.dylib
0x000000000e16e000 	/System/Library/Frameworks/Accelerate.framework/Versions/A/Frameworks/vecLib.framework/Versions/A/libLAPACK.dylib
0x000000000e16e000 	/System/Library/Frameworks/Accelerate.framework/Versions/A/Frameworks/vecLib.framework/Versions/A/libBLAS.dylib
0x000000000e16e000 	/System/Library/Frameworks/Accelerate.framework/Versions/A/Frameworks/vecLib.framework/Versions/A/libLinearAlgebra.dylib
0x000000000e16e000 	/System/Library/Frameworks/Accelerate.framework/Versions/A/Frameworks/vecLib.framework/Versions/A/libSparseBLAS.dylib
0x000000000e16e000 	/System/Library/Frameworks/ApplicationServices.framework/Versions/A/Frameworks/ATS.framework/Versions/A/Resources/libFontParser.dylib
0x000000000e16e000 	/System/Library/Frameworks/ApplicationServices.framework/Versions/A/Frameworks/ATS.framework/Versions/A/Resources/libFontRegistry.dylib
0x000000000e16e000 	/System/Library/Frameworks/ImageIO.framework/Versions/A/Resources/libJPEG.dylib
0x000000000e16e000 	/System/Library/Frameworks/ImageIO.framework/Versions/A/Resources/libTIFF.dylib
0x000000000e16e000 	/System/Library/Frameworks/ImageIO.framework/Versions/A/Resources/libPng.dylib
0x000000000e16e000 	/System/Library/Frameworks/ImageIO.framework/Versions/A/Resources/libGIF.dylib
0x000000000e16e000 	/System/Library/Frameworks/ImageIO.framework/Versions/A/Resources/libJP2.dylib
0x000000000e16e000 	/System/Library/Frameworks/ImageIO.framework/Versions/A/Resources/libRadiance.dylib
0x000000000e16e000 	/usr/lib/libcompression.dylib
0x000000000e16e000 	/System/Library/PrivateFrameworks/AppleJPEG.framework/Versions/A/AppleJPEG
0x000000000e16e000 	/usr/lib/libcups.2.dylib
0x000000000e16e000 	/System/Library/Frameworks/Kerberos.framework/Versions/A/Kerberos
0x000000000e16e000 	/System/Library/Frameworks/GSS.framework/Versions/A/GSS
0x000000000e16e000 	/usr/lib/libresolv.9.dylib
0x000000000e16e000 	/usr/lib/libiconv.2.dylib
0x000000000e16e000 	/System/Library/PrivateFrameworks/Heimdal.framework/Versions/A/Heimdal
0x000000000e16e000 	/usr/lib/libheimdal-asn1.dylib
0x000000000e16e000 	/System/Library/Frameworks/OpenDirectory.framework/Versions/A/OpenDirectory
0x000000000e16e000 	/System/Library/PrivateFrameworks/CommonAuth.framework/Versions/A/CommonAuth
0x000000000e16e000 	/System/Library/Frameworks/OpenDirectory.framework/Versions/A/Frameworks/CFOpenDirectory.framework/Versions/A/CFOpenDirectory
0x000000000e16e000 	/System/Library/Frameworks/SecurityFoundation.framework/Versions/A/SecurityFoundation
0x000000000e16e000 	/System/Library/PrivateFrameworks/LanguageModeling.framework/Versions/A/LanguageModeling
0x000000000e16e000 	/usr/lib/libmarisa.dylib
0x000000000e16e000 	/usr/lib/libChineseTokenizer.dylib
0x000000000e16e000 	/usr/lib/libcmph.dylib
0x000000000e16e000 	/System/Library/PrivateFrameworks/CoreEmoji.framework/Versions/A/CoreEmoji
0x000000000e16e000 	/System/Library/Frameworks/ServiceManagement.framework/Versions/A/ServiceManagement
0x000000000e16e000 	/usr/lib/libxslt.1.dylib
0x000000000e16e000 	/System/Library/Frameworks/Carbon.framework/Versions/A/Frameworks/Ink.framework/Versions/A/Ink
0x000000000e16e000 	/System/Library/PrivateFrameworks/TextureIO.framework/Versions/A/TextureIO
0x000000000e16e000 	/System/Library/Frameworks/Metal.framework/Versions/A/Metal
0x000000000e16e000 	/usr/lib/libate.dylib
0x000000000e16e000 	/System/Library/PrivateFrameworks/GPUCompiler.framework/libmetal_timestamp.dylib
0x000000000e16e000 	/System/Library/Frameworks/OpenGL.framework/Versions/A/Libraries/libCoreFSCache.dylib
0x000000000e16e000 	/System/Library/PrivateFrameworks/IOAccelerator.framework/Versions/A/IOAccelerator
0x000000000e16e000 	/System/Library/Frameworks/CoreVideo.framework/Versions/A/CoreVideo
0x000000000e16e000 	/usr/lib/libFosl_dynamic.dylib
0x000000000e16e000 	/System/Library/PrivateFrameworks/MetalPerformanceShaders.framework/Versions/A/MetalPerformanceShaders
0x000000000e16e000 	/System/Library/PrivateFrameworks/FaceCore.framework/Versions/A/FaceCore
0x000000000e16e000 	/System/Library/Frameworks/OpenCL.framework/Versions/A/OpenCL
0x000000000e16e000 	/System/Library/Frameworks/OpenGL.framework/Versions/A/Libraries/libGLU.dylib
0x000000000e16e000 	/System/Library/Frameworks/OpenGL.framework/Versions/A/Libraries/libGFXShared.dylib
0x000000000e16e000 	/System/Library/Frameworks/OpenGL.framework/Versions/A/Libraries/libGL.dylib
0x000000000e16e000 	/System/Library/Frameworks/OpenGL.framework/Versions/A/Libraries/libGLImage.dylib
0x000000000e16e000 	/System/Library/Frameworks/OpenGL.framework/Versions/A/Libraries/libCVMSPluginSupport.dylib
0x000000000e16e000 	/System/Library/Frameworks/OpenGL.framework/Versions/A/Libraries/libCoreVMClient.dylib
0x000000000e16e000 	/System/Library/PrivateFrameworks/CrashReporterSupport.framework/Versions/A/CrashReporterSupport
0x000000000e16e000 	/System/Library/PrivateFrameworks/Sharing.framework/Versions/A/Sharing
0x000000000e16e000 	/System/Library/PrivateFrameworks/IconServices.framework/Versions/A/IconServices
0x000000000e16e000 	/System/Library/PrivateFrameworks/ProtocolBuffer.framework/Versions/A/ProtocolBuffer
0x000000000e16e000 	/System/Library/PrivateFrameworks/Apple80211.framework/Versions/A/Apple80211
0x000000000e16e000 	/System/Library/Frameworks/CoreWLAN.framework/Versions/A/CoreWLAN
0x000000000e16e000 	/System/Library/PrivateFrameworks/CoreUtils.framework/Versions/A/CoreUtils
0x000000000e16e000 	/System/Library/Frameworks/IOBluetooth.framework/Versions/A/IOBluetooth
0x000000000e16e000 	/System/Library/PrivateFrameworks/CoreWiFi.framework/Versions/A/CoreWiFi
0x000000000e16e000 	/System/Library/Frameworks/CoreBluetooth.framework/Versions/A/CoreBluetooth
0x000000000e16e000 	/System/Library/Frameworks/CoreDisplay.framework/Versions/A/CoreDisplay
0x000000000e16e000 	/System/Library/PrivateFrameworks/IOPresentment.framework/Versions/A/IOPresentment
0x000000000e16e000 	/System/Library/PrivateFrameworks/DebugSymbols.framework/Versions/A/DebugSymbols
0x000000000e16e000 	/System/Library/PrivateFrameworks/CoreSymbolication.framework/Versions/A/CoreSymbolication
0x000000000e16e000 	/System/Library/PrivateFrameworks/Symbolication.framework/Versions/A/Symbolication
0x000000000e16e000 	/System/Library/PrivateFrameworks/AppleFSCompression.framework/Versions/A/AppleFSCompression
0x000000000e16e000 	/System/Library/PrivateFrameworks/SpeechRecognitionCore.framework/Versions/A/SpeechRecognitionCore
0x000000000e16e000 	/System/Library/PrivateFrameworks/ChunkingLibrary.framework/Versions/A/ChunkingLibrary
0x0000000100c00000 	/Library/Java/JavaVirtualMachines/jdk1.8.0_77.jdk/Contents/Home/jre/lib/server/libjvm.dylib
0x000000000e16e000 	/usr/lib/libstdc++.6.dylib
0x0000000100258000 	/Library/Java/JavaVirtualMachines/jdk1.8.0_77.jdk/Contents/Home/jre/lib/libverify.dylib
0x0000000100266000 	/Library/Java/JavaVirtualMachines/jdk1.8.0_77.jdk/Contents/Home/jre/lib/libjava.dylib
0x00000001002a5000 	/Library/Java/JavaVirtualMachines/jdk1.8.0_77.jdk/Contents/Home/jre/lib/libzip.dylib
0x00000001036b0000 	/System/Library/Frameworks/JavaVM.framework/Frameworks/JavaRuntimeSupport.framework/JavaRuntimeSupport
0x00000001036ca000 	/System/Library/Frameworks/JavaVM.framework/Versions/A/Frameworks/JavaNativeFoundation.framework/Versions/A/JavaNativeFoundation
0x00000001003f0000 	/System/Library/Frameworks/JavaVM.framework/Versions/A/JavaVM
0x000000000e16e000 	/System/Library/Frameworks/Carbon.framework/Versions/A/Carbon
0x00000001036df000 	/System/Library/PrivateFrameworks/JavaLaunching.framework/Versions/A/JavaLaunching
0x000000000e16e000 	/System/Library/Frameworks/Carbon.framework/Versions/A/Frameworks/CommonPanels.framework/Versions/A/CommonPanels
0x000000000e16e000 	/System/Library/Frameworks/Carbon.framework/Versions/A/Frameworks/Help.framework/Versions/A/Help
0x000000000e16e000 	/System/Library/Frameworks/Carbon.framework/Versions/A/Frameworks/ImageCapture.framework/Versions/A/ImageCapture
0x000000000e16e000 	/System/Library/Frameworks/Carbon.framework/Versions/A/Frameworks/OpenScripting.framework/Versions/A/OpenScripting
0x000000000e16e000 	/System/Library/Frameworks/Carbon.framework/Versions/A/Frameworks/Print.framework/Versions/A/Print
0x000000000e16e000 	/System/Library/Frameworks/Carbon.framework/Versions/A/Frameworks/SecurityHI.framework/Versions/A/SecurityHI
0x0000000118e34000 	/Library/Java/JavaVirtualMachines/jdk1.8.0_77.jdk/Contents/Home/jre/lib/libawt.dylib
0x0000000118edc000 	/Library/Java/JavaVirtualMachines/jdk1.8.0_77.jdk/Contents/Home/jre/lib/./libmlib_image.dylib
0x0000000118fa8000 	/Library/Java/JavaVirtualMachines/jdk1.8.0_77.jdk/Contents/Home/jre/lib/libawt_lwawt.dylib
0x000000011905d000 	/Library/Java/JavaVirtualMachines/jdk1.8.0_77.jdk/Contents/Home/jre/lib/./libosxapp.dylib
0x000000000e16e000 	/System/Library/Frameworks/ExceptionHandling.framework/Versions/A/ExceptionHandling
0x000000000e16e000 	/System/Library/PrivateFrameworks/CoreServicesInternal.framework/Versions/A/CoreServicesInternal
0x000000000e16e000 	/System/Library/CoreServices/RawCamera.bundle/Contents/MacOS/RawCamera
0x000000000e16e000 	/System/Library/Frameworks/Accelerate.framework/Versions/A/Frameworks/vImage.framework/Versions/A/Libraries/libCGInterfaces.dylib
0x000000000e16e000 	/System/Library/Frameworks/ApplicationServices.framework/Versions/A/Frameworks/ATS.framework/Versions/A/Resources/libTrueTypeScaler.dylib
0x000000000e16e000 	/System/Library/Frameworks/OpenGL.framework/Versions/A/Resources/GLEngine.bundle/GLEngine
0x000000000e16e000 	/System/Library/Frameworks/OpenGL.framework/Versions/A/Libraries/libGLProgrammability.dylib
0x000000011ac91000 	/System/Library/Extensions/AppleIntelHD5000GraphicsGLDriver.bundle/Contents/MacOS/AppleIntelHD5000GraphicsGLDriver
0x000000000e16e000 	/System/Library/PrivateFrameworks/GPUSupport.framework/Versions/A/Libraries/libGPUSupportMercury.dylib
0x000000000e16e000 	/System/Library/Frameworks/OpenGL.framework/Versions/A/Resources/GLRendererFloat.bundle/GLRendererFloat
0x000000000e16e000 	/System/Library/Frameworks/OpenCL.framework/Versions/A/Libraries/libcldcpuengine.dylib
0x000000000e16e000 	/usr/lib/libcrypto.0.9.8.dylib
0x000000000e16e000 	/System/Library/PrivateFrameworks/TrustEvaluationAgent.framework/Versions/A/TrustEvaluationAgent
0x000000011b413000 	/System/Library/Extensions/AppleIntelHD5000GraphicsMTLDriver.bundle/Contents/MacOS/AppleIntelHD5000GraphicsMTLDriver
0x000000000e16e000 	/System/Library/PrivateFrameworks/FamilyControls.framework/Versions/A/FamilyControls
0x000000000e16e000 	/System/Library/PrivateFrameworks/CommerceKit.framework/Versions/A/Frameworks/CommerceCore.framework/Versions/A/CommerceCore
0x000000000e16e000 	/System/Library/PrivateFrameworks/SystemAdministration.framework/Versions/A/SystemAdministration
0x000000000e16e000 	/System/Library/PrivateFrameworks/AppContainer.framework/Versions/A/AppContainer
0x000000000e16e000 	/System/Library/PrivateFrameworks/SecCodeWrapper.framework/Versions/A/SecCodeWrapper
0x000000000e16e000 	/System/Library/Frameworks/DirectoryService.framework/Versions/A/DirectoryService
0x000000000e16e000 	/System/Library/PrivateFrameworks/DiskImages.framework/Versions/A/DiskImages
0x000000000e16e000 	/System/Library/PrivateFrameworks/LoginUIKit.framework/Versions/A/Frameworks/LoginUICore.framework/Versions/A/LoginUICore
0x000000000e16e000 	/usr/lib/libCoreStorage.dylib
0x000000000e16e000 	/usr/lib/libcsfde.dylib
0x000000000e16e000 	/usr/lib/libodfde.dylib
0x000000000e16e000 	/System/Library/Frameworks/DiscRecording.framework/Versions/A/DiscRecording
0x000000000e16e000 	/usr/lib/libcurl.4.dylib
0x000000000e16e000 	/System/Library/PrivateFrameworks/MediaKit.framework/Versions/A/MediaKit
0x000000000e16e000 	/System/Library/PrivateFrameworks/ProtectedCloudStorage.framework/Versions/A/ProtectedCloudStorage
0x000000000e16e000 	/System/Library/PrivateFrameworks/EFILogin.framework/Versions/A/EFILogin
0x000000000e16e000 	/usr/lib/libutil.dylib
0x000000000e16e000 	/System/Library/Frameworks/LDAP.framework/Versions/A/LDAP
0x000000000e16e000 	/usr/lib/libsasl2.2.dylib
0x000000000e16e000 	/System/Library/PrivateFrameworks/CoreDaemon.framework/Versions/B/CoreDaemon
0x000000000e16e000 	/System/Library/PrivateFrameworks/AppleSRP.framework/Versions/A/AppleSRP
0x000000000e16e000 	/System/Library/PrivateFrameworks/APFS.framework/Versions/A/APFS
0x000000011c719000 	/Library/Java/JavaVirtualMachines/jdk1.8.0_77.jdk/Contents/Home/jre/lib/libfontmanager.dylib
0x0000000119425000 	/Library/Java/JavaVirtualMachines/jdk1.8.0_77.jdk/Contents/Home/jre/lib/libosxui.dylib
0x000000000e16e000 	/System/Library/PrivateFrameworks/ViewBridge.framework/Versions/A/ViewBridge
0x000000000e16e000 	/System/Library/PrivateFrameworks/XPCService.framework/Versions/A/XPCService
0x000000000e16e000 	/System/Library/PrivateFrameworks/AppSandbox.framework/Versions/A/AppSandbox
0x000000000e16e000 	/usr/lib/libsandbox.1.dylib
0x000000000e16e000 	/usr/lib/libMatch.1.dylib
0x000000011f71a000 	/Library/Java/JavaVirtualMachines/jdk1.8.0_77.jdk/Contents/Home/jre/lib/libnet.dylib
0x000000011f70a000 	/Library/Java/JavaVirtualMachines/jdk1.8.0_77.jdk/Contents/Home/jre/lib/libnio.dylib
0x0000000154116000 	/Library/Java/JavaVirtualMachines/jdk1.8.0_77.jdk/Contents/Home/jre/lib/libsunec.dylib
0x000000011abdb000 	/Library/Java/JavaVirtualMachines/jdk1.8.0_77.jdk/Contents/Home/jre/lib/libdcpr.dylib
0x000000011a9c9000 	/Library/Java/JavaVirtualMachines/jdk1.8.0_77.jdk/Contents/Home/jre/lib/libosx.dylib
0x000000011a9d7000 	/private/var/folders/h6/pnr4b68n5dn42qz3vgbz1t500000gn/T/jxbrowser-chromium-51.0.2704.106.6.7/data/Temp/libjxbrowser-common64-45cfbd75-567d-4a06-b5d2-40b203e261a2.dylib
0x0000000156740000 	/var/folders/h6/pnr4b68n5dn42qz3vgbz1t500000gn/T/jxbrowser-chromium-51.0.2704.106.6.7/jxbrowser.app/Contents/Frameworks/JxBrowser.framework/Libraries/libjxbrowser.dylib
0x000000000e16e000 	/System/Library/Frameworks/CoreMedia.framework/Versions/A/CoreMedia
0x000000000e16e000 	/System/Library/Frameworks/CoreMediaIO.framework/Versions/A/CoreMediaIO
0x000000000e16e000 	/System/Library/Frameworks/AVFoundation.framework/Versions/A/AVFoundation
0x000000000e16e000 	/System/Library/Frameworks/QTKit.framework/Versions/A/QTKit
0x000000000e16e000 	/System/Library/Frameworks/ImageCaptureCore.framework/Versions/A/ImageCaptureCore
0x000000000e16e000 	/System/Library/Frameworks/AddressBook.framework/Versions/A/AddressBook
0x000000000e16e000 	/System/Library/Frameworks/SecurityInterface.framework/Versions/A/SecurityInterface
0x00000001548dc000 	/System/Library/Frameworks/CoreMIDI.framework/Versions/A/CoreMIDI
0x000000000e16e000 	/System/Library/Frameworks/Quartz.framework/Versions/A/Quartz
0x000000000e16e000 	/usr/lib/libspindump.dylib
0x000000000e16e000 	/usr/lib/libdscsym.dylib
0x000000000e16e000 	/System/Library/Frameworks/VideoToolbox.framework/Versions/A/VideoToolbox
0x000000000e16e000 	/System/Library/Frameworks/MediaToolbox.framework/Versions/A/MediaToolbox
0x000000000e16e000 	/System/Library/PrivateFrameworks/AppleVA.framework/Versions/A/AppleVA
0x000000000e16e000 	/System/Library/PrivateFrameworks/CoreAVCHD.framework/Versions/A/CoreAVCHD
0x000000000e16e000 	/System/Library/Frameworks/MediaAccessibility.framework/Versions/A/MediaAccessibility
0x000000000e16e000 	/System/Library/PrivateFrameworks/Mangrove.framework/Versions/A/Mangrove
0x000000000e16e000 	/System/Library/PrivateFrameworks/CoreAUC.framework/Versions/A/CoreAUC
0x000000000e16e000 	/System/Library/Frameworks/AVFoundation.framework/Versions/A/Frameworks/AVFAudio.framework/Versions/A/AVFAudio
0x000000000e16e000 	/System/Library/PrivateFrameworks/IntlPreferences.framework/Versions/A/IntlPreferences
0x000000000e16e000 	/System/Library/PrivateFrameworks/CoreMediaAuthoring.framework/Versions/A/CoreMediaAuthoring
0x000000000e16e000 	/System/Library/PrivateFrameworks/ContactsPersistence.framework/Versions/A/ContactsPersistence
0x000000000e16e000 	/System/Library/PrivateFrameworks/CalendarAgentLink.framework/Versions/A/CalendarAgentLink
0x000000000e16e000 	/System/Library/PrivateFrameworks/ContactsFoundation.framework/Versions/A/ContactsFoundation
0x000000000e16e000 	/System/Library/PrivateFrameworks/vCard.framework/Versions/A/vCard
0x000000000e16e000 	/System/Library/PrivateFrameworks/ToneLibrary.framework/Versions/A/ToneLibrary
0x000000000e16e000 	/System/Library/PrivateFrameworks/ToneKit.framework/Versions/A/ToneKit
0x000000000e16e000 	/System/Library/PrivateFrameworks/ApplePushService.framework/Versions/A/ApplePushService
0x000000000e16e000 	/System/Library/PrivateFrameworks/PhoneNumbers.framework/Versions/A/PhoneNumbers
0x000000000e16e000 	/System/Library/Frameworks/Accounts.framework/Versions/A/Accounts
0x000000000e16e000 	/System/Library/PrivateFrameworks/OAuth.framework/Versions/A/OAuth
0x000000000e16e000 	/System/Library/Frameworks/Quartz.framework/Versions/A/Frameworks/QuartzComposer.framework/Versions/A/QuartzComposer
0x000000000e16e000 	/System/Library/Frameworks/Quartz.framework/Versions/A/Frameworks/PDFKit.framework/Versions/A/PDFKit
0x000000000e16e000 	/System/Library/Frameworks/Quartz.framework/Versions/A/Frameworks/QuartzFilters.framework/Versions/A/QuartzFilters
0x000000000e16e000 	/System/Library/Frameworks/Quartz.framework/Versions/A/Frameworks/ImageKit.framework/Versions/A/ImageKit
0x000000000e16e000 	/System/Library/Frameworks/Quartz.framework/Versions/A/Frameworks/QuickLookUI.framework/Versions/A/QuickLookUI
0x000000000e16e000 	/System/Library/Frameworks/JavaScriptCore.framework/Versions/A/JavaScriptCore
0x000000000e16e000 	/System/Library/PrivateFrameworks/AppleSystemInfo.framework/Versions/A/AppleSystemInfo
0x000000000e16e000 	/System/Library/PrivateFrameworks/CorePDF.framework/Versions/A/CorePDF
0x000000000e16e000 	/System/Library/Frameworks/QuickLook.framework/Versions/A/QuickLook
0x000000000e16e000 	/System/Library/PrivateFrameworks/DisplayServices.framework/Versions/A/DisplayServices
0x000000000e16e000 	/System/Library/PrivateFrameworks/QuickLookThumbnailing.framework/Versions/A/QuickLookThumbnailing
0x000000000e16e000 	/System/Library/Frameworks/SafariServices.framework/Versions/A/SafariServices
0x000000000e16e000 	/System/Library/PrivateFrameworks/MobileKeyBag.framework/Versions/A/MobileKeyBag
0x000000011a9e2000 	/usr/lib/libexpat.1.dylib
0x000000000e16e000 	/System/Library/PrivateFrameworks/CloudDocs.framework/Versions/A/CloudDocs
0x000000000e16e000 	/System/Library/Frameworks/CloudKit.framework/Versions/A/CloudKit
0x000000000e16e000 	/System/Library/PrivateFrameworks/MMCS.framework/Versions/A/MMCS
0x000000000e16e000 	/System/Library/Frameworks/CoreLocation.framework/Versions/A/CoreLocation
0x000000000e16e000 	/System/Library/PrivateFrameworks/AssetCacheServices.framework/Versions/A/AssetCacheServices
0x000000000e16e000 	/System/Library/PrivateFrameworks/GeoServices.framework/Versions/A/GeoServices
0x000000011ab15000 	/System/Library/Extensions/AppleHDA.kext/Contents/PlugIns/AppleHDAHALPlugIn.bundle/Contents/MacOS/AppleHDAHALPlugIn
0x0000000153e74000 	/Library/CoreMediaIO/Plug-Ins/DAL/AppleCamera.plugin/Contents/MacOS/AppleCamera

VM Arguments:
jvm_args: -Dfile.encoding=UTF-8 
java_command: br.ufc.lps.view.Main
java_class_path (initial): /Users/andersonuchoa/git/DyMMer/bin:/Users/andersonuchoa/git/DyMMer/forms-1.3.0.jar:/Users/andersonuchoa/git/DyMMer/miglayout15-swing.jar:/Users/andersonuchoa/git/DyMMer/libs/jcommon-1.0.23.jar:/Users/andersonuchoa/git/DyMMer/libs/jfreechart-1.0.19.jar:/Users/andersonuchoa/git/DyMMer/libs/jgrapht-jdk1.5.jar:/Users/andersonuchoa/git/DyMMer/libs/json-lib-2.4-jdk13.jar:/Users/andersonuchoa/git/DyMMer/libs/junit-4.1.jar:/Users/andersonuchoa/git/DyMMer/libs/junit.jar:/Users/andersonuchoa/git/DyMMer/libs/opencsv-1.8.jar:/Users/andersonuchoa/git/DyMMer/libs/org.json-20120521.jar:/Users/andersonuchoa/git/DyMMer/libs/org.sat4j.core.jar:/Users/andersonuchoa/git/DyMMer/libs/poi-3.10.1-20140818.jar:/Users/andersonuchoa/git/DyMMer/libs/commons-math3-3.0.jar:/Users/andersonuchoa/git/DyMMer/libs/javabdd.jar:/Users/andersonuchoa/git/DyMMer/libs/okhttp-3.4.1.jar:/Users/andersonuchoa/git/DyMMer/libs/okio-1.9.0.jar:/Users/andersonuchoa/git/DyMMer/libs/gson-2.7.jar:/Users/andersonuchoa/git/DyMMer/libs/commons-lang3-3.4.jar:/Users/andersonuchoa/git/DyMMer/libs/jgraph.jar:/Users/andersonuchoa/git/DyMMer/libs/prefuse.jar:/Users/andersonuchoa/git/DyMMer/libs/jxbrowser-6.7.jar:/Users/andersonuchoa/git/DyMMer/libs/jxbrowser-linux32-6.7.jar:/Users/andersonuchoa/git/DyMMer/libs/jxbrowser-linux64-6.7.jar:/Users/andersonuchoa/git/DyMMer/libs/jxbrowser-mac-6.7.jar:/Users/andersonuchoa/git/DyMMer/libs/jxbrowser-win-6.7.jar:/Users/andersonuchoa/git/DyMMer/libs/license.jar
Launcher Type: SUN_STANDARD

Environment Variables:
PATH=/usr/bin:/bin:/usr/sbin:/sbin
SHELL=/bin/bash
DISPLAY=/private/tmp/com.apple.launchd.KaQy2TpG2a/org.macosforge.xquartz:0

Signal Handlers:
SIGSEGV: [libjvm.dylib+0x5a6855], sa_mask[0]=11111111011111110111111111111111, sa_flags=SA_ONSTACK|SA_RESTART|SA_SIGINFO
SIGBUS: [libjvm.dylib+0x5a6855], sa_mask[0]=11111111011111110111111111111111, sa_flags=SA_RESTART|SA_SIGINFO
SIGFPE: [libjvm.dylib+0x4804ec], sa_mask[0]=11111111011111110111111111111111, sa_flags=SA_RESTART|SA_SIGINFO
SIGPIPE: [libjvm.dylib+0x4804ec], sa_mask[0]=11111111011111110111111111111111, sa_flags=SA_RESTART|SA_SIGINFO
SIGXFSZ: [libjvm.dylib+0x4804ec], sa_mask[0]=11111111011111110111111111111111, sa_flags=SA_RESTART|SA_SIGINFO
SIGILL: [libjvm.dylib+0x4804ec], sa_mask[0]=11111111011111110111111111111111, sa_flags=SA_RESTART|SA_SIGINFO
SIGUSR1: SIG_DFL, sa_mask[0]=00000000000000000000000000000000, sa_flags=none
SIGUSR2: [libjvm.dylib+0x48000a], sa_mask[0]=00100000000000000000000000000000, sa_flags=SA_RESTART|SA_SIGINFO
SIGHUP: [libjvm.dylib+0x47e5e1], sa_mask[0]=11111111011111110111111111111111, sa_flags=SA_RESTART|SA_SIGINFO
SIGINT: [libjvm.dylib+0x47e5e1], sa_mask[0]=11111111011111110111111111111111, sa_flags=SA_RESTART|SA_SIGINFO
SIGTERM: [libjvm.dylib+0x47e5e1], sa_mask[0]=11111111011111110111111111111111, sa_flags=SA_RESTART|SA_SIGINFO
SIGQUIT: [libjvm.dylib+0x47e5e1], sa_mask[0]=11111111011111110111111111111111, sa_flags=SA_RESTART|SA_SIGINFO


---------------  S Y S T E M  ---------------

OS:Bsduname:Darwin 16.0.0 Darwin Kernel Version 16.0.0: Mon Aug 29 17:56:20 PDT 2016; root:xnu-3789.1.32~3/RELEASE_X86_64 x86_64
rlimit: STACK 8192k, CORE 0k, NPROC 709, NOFILE 10240, AS infinity
load average:15.45 5.00 3.19

CPU:total 4 (2 cores per cpu, 2 threads per core) family 6 model 69 stepping 1, cmov, cx8, fxsr, mmx, sse, sse2, sse3, ssse3, sse4.1, sse4.2, popcnt, avx, avx2, aes, clmul, erms, rtm, lzcnt, ht, tsc, tscinvbit, bmi1, bmi2

Memory: 4k page, physical 8388608k(52356k free)

/proc/meminfo:


vm_info: Java HotSpot(TM) 64-Bit Server VM (25.77-b03) for bsd-amd64 JRE (1.8.0_77-b03), built on Mar 20 2016 22:14:03 by "java_re" with gcc 4.2.1 (Based on Apple Inc. build 5658) (LLVM build 2336.11.00)

time: Wed Oct 12 10:52:09 2016
elapsed time: 2017 seconds (0d 0h 33m 37s)

