#
# A fatal error has been detected by the Java Runtime Environment:
#
#  SIGILL (0x4) at pc=0x00007fff985b9bde, pid=30050, tid=54535
#
# JRE version: Java(TM) SE Runtime Environment (8.0_77-b03) (build 1.8.0_77-b03)
# Java VM: Java HotSpot(TM) 64-Bit Server VM (25.77-b03 mixed mode bsd-amd64 compressed oops)
# Problematic frame:
# C  [libsystem_platform.dylib+0x5bde]  _os_unfair_lock_corruption_abort+0x17
#
# Failed to write core dump. Core dumps have been disabled. To enable core dumping, try "ulimit -c unlimited" before starting Java again
#
# If you would like to submit a bug report, please visit:
#   http://bugreport.java.com/bugreport/crash.jsp
# The crash happened outside the Java Virtual Machine in native code.
# See problematic frame for where to report the bug.
#

---------------  T H R E A D  ---------------

Current thread (0x00007fbf2d916000):  JavaThread "Java2D Queue Flusher" daemon [_thread_in_native, id=54535, stack(0x000070001016c000,0x000070001026c000)]

siginfo: si_signo: 4 (SIGILL), si_code: 1 (ILL_ILLOPC), si_addr: 0x00007fff985b9bde

Registers:
RAX=0x00000000ff000000, RBX=0x00000000ff000000, RCX=0x00007fff985bbb6c, RDX=0x0000000000000000
RSP=0x000070001026b418, RBP=0x000070001026b450, RSI=0x000000010152da00, RDI=0x00000000ff000000
R8 =0x0000000000000050, R9 =0x00007fbf338ba490, R10=0x0000000000000000, R11=0x0000000000000246
R12=0x000000010152da00, R13=0x000000000000d507, R14=0x0000000001010002, R15=0x000000000000d507
RIP=0x00007fff985b9bde, EFLAGS=0x0000000000010246, ERR=0x0000000000000000
  TRAPNO=0x0000000000000006

Top of Stack: (sp=0x000070001026b418)
0x000070001026b418:   00007fff985b944e 00000000ff000000
0x000070001026b428:   0000000000000005 000000010152a000
0x000070001026b438:   000000010152da00 0000000000000000
0x000070001026b448:   000000010152da00 000070001026b530
0x000070001026b458:   00007fff9852c445 00000001014fca00
0x000070001026b468:   0000000000000020 0000000000000008
0x000070001026b478:   0000000000000002 0000000100000004
0x000070001026b488:   0000000101513a00 00000001014f9000
0x000070001026b498:   ff80000000001000 000000000000ffff
0x000070001026b4a8:   0000000000000020 0000000000000020
0x000070001026b4b8:   0000000000000000 000000010152da00
0x000070001026b4c8:   0000000000000050 000070001026b500
0x000070001026b4d8:   000000015abb3c66 0000000000000020
0x000070001026b4e8:   0000000000000001 00007fffa1095000
0x000070001026b4f8:   ff80000000001000 000070001026ffff
0x000070001026b508:   0000000000000000 00007fbf2f11ab6c
0x000070001026b518:   00007fbf2e300208 000000010152a000
0x000070001026b528:   0000000000000050 000070001026b560
0x000070001026b538:   00007fff9852c332 00007fff9e357c10
0x000070001026b548:   00007fbf2f11ac60 00007fbf2f11aa80
0x000070001026b558:   00007fbf2f11aa30 000070001026b590
0x000070001026b568:   00007fff876bf159 00007fbf2e800a00
0x000070001026b578:   00007fbf2f11aa30 0000000000000001
0x000070001026b588:   00007fbf2f11aa80 000070001026b5e0
0x000070001026b598:   00007fff875e608c 00007fbf2f11ac98
0x000070001026b5a8:   00007fbf2f11ac60 00007fbf2e300040
0x000070001026b5b8:   00007fbf2f11aa00 000000000000000f
0x000070001026b5c8:   00007fbf2f11aa28 0000000000000001
0x000070001026b5d8:   0000000000000000 000070001026b630
0x000070001026b5e8:   00007fff88168751 0000000000000000
0x000070001026b5f8:   0000076e2f020e28 00007fbf2e300040
0x000070001026b608:   0000000000000000 00007fbf2e810400 

Instructions: (pc=0x00007fff985b9bde)
0x00007fff985b9bbe:   89 f7 e8 55 18 00 00 eb ae 89 f8 48 8d 0d 9c 1f
0x00007fff985b9bce:   00 00 48 89 0d e1 46 ae 08 48 89 05 0a 47 ae 08
0x00007fff985b9bde:   0f 0b 89 f8 48 8d 0d 12 20 00 00 48 89 0d c8 46
0x00007fff985b9bee:   ae 08 48 89 05 f1 46 ae 08 0f 0b 55 48 89 e5 41 

Register to memory mapping:

RAX=0x00000000ff000000 is an unknown value
RBX=0x00000000ff000000 is an unknown value
RCX=0x00007fff985bbb6c: _h+0x25c in /usr/lib/system/libsystem_platform.dylib at 0x00007fff985b4000
RDX=0x0000000000000000 is an unknown value
RSP=0x000070001026b418 is pointing into the stack for thread: 0x00007fbf2d916000
RBP=0x000070001026b450 is pointing into the stack for thread: 0x00007fbf2d916000
RSI=0x000000010152da00 is an unknown value
RDI=0x00000000ff000000 is an unknown value
R8 =0x0000000000000050 is an unknown value
R9 =0x00007fbf338ba490 is an unknown value
R10=0x0000000000000000 is an unknown value
R11=0x0000000000000246 is an unknown value
R12=0x000000010152da00 is an unknown value
R13=0x000000000000d507 is an unknown value
R14=0x0000000001010002 is an unknown value
R15=0x000000000000d507 is an unknown value


Stack: [0x000070001016c000,0x000070001026c000],  sp=0x000070001026b418,  free space=1021k
Native frames: (J=compiled Java code, j=interpreted, Vv=VM code, C=native code)
C  [libsystem_platform.dylib+0x5bde]  _os_unfair_lock_corruption_abort+0x17
C  [libsystem_malloc.dylib+0x2445]  szone_malloc_should_clear+0xb3
C  [libsystem_malloc.dylib+0x2332]  malloc_zone_malloc+0x6b
C  [libGLProgrammability.dylib+0x89159]  glsmCreateTexture+0x27
C  [libGFXShared.dylib+0x208c]  gfxCreatePluginTexture+0x6c
C  [GLEngine+0x4751]  gleCreateTextureObject+0x113
C  [GLEngine+0x17a0a]  gleBindTexture+0xa0
C  [GLEngine+0x1793c]  glBindTexture_Exec+0x193
C  [libawt_lwawt.dylib+0x3d706]  OGLSD_InitTextureObject+0x1eb
C  [libawt_lwawt.dylib+0x3d9f5]  Java_sun_java2d_opengl_OGLSurfaceData_initFBObject+0x59
J 3616  sun.java2d.opengl.OGLSurfaceData.initFBObject(JZZZII)Z (0 bytes) @ 0x0000000105f90b02 [0x0000000105f90a40+0xc2]
J 4442 C1 sun.java2d.opengl.OGLSurfaceData.initSurfaceNow(II)V (154 bytes) @ 0x0000000105b6a69c [0x0000000105b6a080+0x61c]
J 4185 C1 sun.java2d.opengl.OGLSurfaceData$1.run()V (16 bytes) @ 0x00000001060b6e14 [0x00000001060b6d40+0xd4]
j  sun.java2d.opengl.OGLRenderQueue$QueueFlusher.run()V+95
v  ~StubRoutines::call_stub
V  [libjvm.dylib+0x2ea39e]  JavaCalls::call_helper(JavaValue*, methodHandle*, JavaCallArguments*, Thread*)+0x6ae
V  [libjvm.dylib+0x2eab2c]  JavaCalls::call_virtual(JavaValue*, KlassHandle, Symbol*, Symbol*, JavaCallArguments*, Thread*)+0x164
V  [libjvm.dylib+0x2eacd8]  JavaCalls::call_virtual(JavaValue*, Handle, KlassHandle, Symbol*, Symbol*, Thread*)+0x4a
V  [libjvm.dylib+0x345255]  thread_entry(JavaThread*, Thread*)+0x7c
V  [libjvm.dylib+0x560e03]  JavaThread::thread_main_inner()+0x9b
V  [libjvm.dylib+0x5624fe]  JavaThread::run()+0x1c2
V  [libjvm.dylib+0x482eda]  java_start(Thread*)+0xf6
C  [libsystem_pthread.dylib+0x3abb]  _pthread_body+0xb4
C  [libsystem_pthread.dylib+0x3a07]  _pthread_body+0x0
C  [libsystem_pthread.dylib+0x3231]  thread_start+0xd
C  0x0000000000000000

Java frames: (J=compiled Java code, j=interpreted, Vv=VM code)
J 3616  sun.java2d.opengl.OGLSurfaceData.initFBObject(JZZZII)Z (0 bytes) @ 0x0000000105f90a88 [0x0000000105f90a40+0x48]
J 4442 C1 sun.java2d.opengl.OGLSurfaceData.initSurfaceNow(II)V (154 bytes) @ 0x0000000105b6a69c [0x0000000105b6a080+0x61c]
J 4185 C1 sun.java2d.opengl.OGLSurfaceData$1.run()V (16 bytes) @ 0x00000001060b6e14 [0x00000001060b6d40+0xd4]
j  sun.java2d.opengl.OGLRenderQueue$QueueFlusher.run()V+95
v  ~StubRoutines::call_stub

---------------  P R O C E S S  ---------------

Java Threads: ( => current thread )
  0x00007fbf2c07d800 JavaThread "Browser Events Thread" [_thread_blocked, id=131843, stack(0x000070001a738000,0x000070001a838000)]
  0x00007fbf2ca06000 JavaThread "Memory Writer SocketInfo{cid=2, bid=2, channelType=Render}" [_thread_blocked, id=130819, stack(0x000070001a532000,0x000070001a632000)]
  0x00007fbf32240800 JavaThread "Socket Connection Checker SocketInfo{cid=2, bid=2, channelType=Render}" [_thread_in_native, id=130307, stack(0x000070001a42f000,0x000070001a52f000)]
  0x00007fbf31d7f800 JavaThread "Thread-15" [_thread_in_native, id=129795, stack(0x000070001a3ac000,0x000070001a42c000)]
  0x00007fbf2c3b6000 JavaThread "IPC Async Events Thread" [_thread_blocked, id=129027, stack(0x000070001a2a9000,0x000070001a3a9000)]
  0x00007fbf31dd1800 JavaThread "Memory Writer SocketInfo{cid=2, bid=2, channelType=Browser}" [_thread_blocked, id=128699, stack(0x000070001a1a6000,0x000070001a2a6000)]
  0x00007fbf31b7b000 JavaThread "Socket Connection Checker SocketInfo{cid=2, bid=2, channelType=Browser}" [_thread_in_native, id=126687, stack(0x0000700019f20000,0x000070001a020000)]
  0x00007fbf2d70d000 JavaThread "Thread-14" [_thread_in_native, id=115727, stack(0x00007000192f6000,0x0000700019376000)]
  0x00007fbf2cf7a800 JavaThread "Browser Events Thread" [_thread_blocked, id=125699, stack(0x0000700019d9a000,0x0000700019e9a000)]
  0x00007fbf323a1000 JavaThread "Memory Writer SocketInfo{cid=1, bid=1, channelType=Render}" [_thread_blocked, id=124675, stack(0x0000700019b94000,0x0000700019c94000)]
  0x00007fbf323a0000 JavaThread "Socket Connection Checker SocketInfo{cid=1, bid=1, channelType=Render}" [_thread_in_native, id=124163, stack(0x0000700019a91000,0x0000700019b91000)]
  0x00007fbf31ce3800 JavaThread "Thread-11" [_thread_in_native, id=123651, stack(0x0000700019a0e000,0x0000700019a8e000)]
  0x00007fbf31b40800 JavaThread "IPC Async Events Thread" [_thread_blocked, id=122883, stack(0x000070001990b000,0x0000700019a0b000)]
  0x00007fbf2d6f3800 JavaThread "Memory Writer SocketInfo{cid=1, bid=1, channelType=Browser}" [_thread_blocked, id=122371, stack(0x0000700019808000,0x0000700019908000)]
  0x00007fbf31c77000 JavaThread "Socket Connection Checker SocketInfo{cid=1, bid=1, channelType=Browser}" [_thread_in_native, id=122055, stack(0x0000700019705000,0x0000700019805000)]
  0x00007fbf31ded800 JavaThread "Thread-10" [_thread_in_native, id=66903, stack(0x00007000195ff000,0x000070001967f000)]
  0x00007fbf2d1dc000 JavaThread "Browser Events Thread" [_thread_blocked, id=113923, stack(0x00007000187e7000,0x00007000188e7000)]
  0x00007fbf2c0f4800 JavaThread "Memory Writer SocketInfo{cid=0, bid=0, channelType=Render}" [_thread_blocked, id=112899, stack(0x00007000185e1000,0x00007000186e1000)]
  0x00007fbf2c1b2000 JavaThread "Socket Connection Checker SocketInfo{cid=0, bid=0, channelType=Render}" [_thread_in_native, id=112387, stack(0x00007000184de000,0x00007000185de000)]
  0x00007fbf33406000 JavaThread "Thread-7" [_thread_in_native, id=111895, stack(0x000070001845b000,0x00007000184db000)]
  0x00007fbf2d1da800 JavaThread "IPC Async Events Thread" [_thread_blocked, id=107783, stack(0x0000700018358000,0x0000700018458000)]
  0x00007fbf32155000 JavaThread "Memory Writer SocketInfo{cid=0, bid=0, channelType=Browser}" [_thread_blocked, id=94467, stack(0x00007000181d2000,0x00007000182d2000)]
  0x00007fbf2ce46000 JavaThread "Socket Connection Checker SocketInfo{cid=0, bid=0, channelType=Browser}" [_thread_in_native, id=93959, stack(0x00007000180cf000,0x00007000181cf000)]
  0x00007fbf2cf08800 JavaThread "Thread-6" [_thread_in_native, id=93703, stack(0x0000700017fc9000,0x0000700018049000)]
  0x00007fbf2cb48000 JavaThread "IPC Async Events Thread" [_thread_blocked, id=89859, stack(0x00007000175bd000,0x00007000176bd000)]
  0x00007fbf2c982000 JavaThread "Memory Writer SocketInfo{cid=0, bid=-1, channelType=Main}" [_thread_blocked, id=88579, stack(0x0000700016cb7000,0x0000700016db7000)]
  0x00007fbf2caf5000 JavaThread "Socket Connection Checker SocketInfo{cid=0, bid=-1, channelType=Main}" [_thread_in_native, id=88067, stack(0x0000700016bb4000,0x0000700016cb4000)]
  0x00007fbf2c160000 JavaThread "Thread-5" [_thread_in_native, id=87299, stack(0x0000700016aae000,0x0000700016b2e000)]
  0x00007fbf2ce02800 JavaThread "IPC Process Thread" daemon [_thread_in_native, id=4863, stack(0x0000700010987000,0x0000700010a87000)]
  0x00007fbf2ce05800 JavaThread "IPC Server Thread" daemon [_thread_in_native, id=67867, stack(0x0000700010884000,0x0000700010984000)]
  0x00007fbf2d27f800 JavaThread "Timer-0" daemon [_thread_blocked, id=37431, stack(0x000070000eead000,0x000070000efad000)]
  0x00007fbf2c48e800 JavaThread "prefuse_ActivityManager" daemon [_thread_blocked, id=27143, stack(0x00007000106fe000,0x00007000107fe000)]
  0x00007fbf320dc800 JavaThread "TimerQueue" daemon [_thread_blocked, id=38167, stack(0x00007000105fb000,0x00007000106fb000)]
  0x00007fbf2d193800 JavaThread "Okio Watchdog" daemon [_thread_blocked, id=66115, stack(0x00007000104f8000,0x00007000105f8000)]
  0x00007fbf2c9ef800 JavaThread "Java2D Disposer" daemon [_thread_blocked, id=56591, stack(0x000070001026f000,0x000070001036f000)]
=>0x00007fbf2d916000 JavaThread "Java2D Queue Flusher" daemon [_thread_in_native, id=54535, stack(0x000070001016c000,0x000070001026c000)]
  0x00007fbf2d296800 JavaThread "DestroyJavaVM" [_thread_blocked, id=7171, stack(0x000070000efb3000,0x000070000f0b3000)]
  0x00007fbf2d295800 JavaThread "AWT-EventQueue-0" [_thread_blocked, id=46895, stack(0x0000700010069000,0x0000700010169000)]
  0x00007fbf2d233000 JavaThread "AWT-Shutdown" [_thread_blocked, id=29727, stack(0x000070000fe60000,0x000070000ff60000)]
  0x00007fbf2d212800 JavaThread "AppKit Thread" daemon [_thread_in_native, id=2059, stack(0x00007fff5df23000,0x00007fff5e723000)]
  0x00007fbf2c849800 JavaThread "Service Thread" daemon [_thread_blocked, id=18691, stack(0x000070000fbd7000,0x000070000fcd7000)]
  0x00007fbf2c828800 JavaThread "C1 CompilerThread2" daemon [_thread_blocked, id=18179, stack(0x000070000fad4000,0x000070000fbd4000)]
  0x00007fbf2c80e800 JavaThread "C2 CompilerThread1" daemon [_thread_blocked, id=17667, stack(0x000070000f9d1000,0x000070000fad1000)]
  0x00007fbf2d03c800 JavaThread "C2 CompilerThread0" daemon [_thread_blocked, id=17155, stack(0x000070000f8ce000,0x000070000f9ce000)]
  0x00007fbf2d025000 JavaThread "Signal Dispatcher" daemon [_thread_blocked, id=16643, stack(0x000070000f7cb000,0x000070000f8cb000)]
  0x00007fbf2c80d800 JavaThread "Finalizer" daemon [_thread_blocked, id=12547, stack(0x000070000f6c8000,0x000070000f7c8000)]
  0x00007fbf2d010800 JavaThread "Reference Handler" daemon [_thread_blocked, id=12035, stack(0x000070000f5c5000,0x000070000f6c5000)]

Other Threads:
  0x00007fbf2c80b000 VMThread [stack: 0x000070000f4c2000,0x000070000f5c2000] [id=11523]
  0x00007fbf2c84a000 WatcherThread [stack: 0x000070000fcda000,0x000070000fdda000] [id=19203]

VM state:not at safepoint (normal execution)

VM Mutex/Monitor currently owned by a thread: None

Heap:
 PSYoungGen      total 127488K, used 64551K [0x0000000795580000, 0x000000079e480000, 0x00000007c0000000)
  eden space 117760K, 46% used [0x0000000795580000,0x0000000798b0b618,0x000000079c880000)
  from space 9728K, 99% used [0x000000079cd00000,0x000000079d67e738,0x000000079d680000)
  to   space 14336K, 0% used [0x000000079d680000,0x000000079d680000,0x000000079e480000)
 ParOldGen       total 46592K, used 16022K [0x0000000740000000, 0x0000000742d80000, 0x0000000795580000)
  object space 46592K, 34% used [0x0000000740000000,0x0000000740fa5988,0x0000000742d80000)
 Metaspace       used 28033K, capacity 28344K, committed 28672K, reserved 1075200K
  class space    used 3440K, capacity 3566K, committed 3584K, reserved 1048576K

Card table byte_map: [0x000000010314f000,0x0000000103550000] byte_map_base: 0x00000000ff74f000

Marking Bits: (ParMarkBitMap*) 0x00000001026e3ea0
 Begin Bits: [0x0000000114458000, 0x0000000116458000)
 End Bits:   [0x0000000116458000, 0x0000000118458000)

Polling page: 0x000000010159d000

CodeCache: size=245760Kb used=17374Kb max_used=17767Kb free=228386Kb
 bounds [0x0000000105458000, 0x00000001065d8000, 0x0000000114458000]
 total_blobs=5609 nmethods=4946 adapters=573
 compilation: enabled

Compilation events (10 events):
Event: 967.370 Thread 0x00007fbf2c828800 6298       3       java.awt.Component::getFocusCycleRootAncestor (26 bytes)
Event: 967.370 Thread 0x00007fbf2c828800 nmethod 6298 0x00000001057e2310 code [0x00000001057e24a0, 0x00000001057e27c8]
Event: 967.372 Thread 0x00007fbf2c828800 6300       3       com.teamdev.jxbrowser.chromium.internal.ipc.message.MessageUIDGenerator::generate (10 bytes)
Event: 967.372 Thread 0x00007fbf2c828800 nmethod 6300 0x0000000105d1b150 code [0x0000000105d1b2a0, 0x0000000105d1b3f0]
Event: 967.374 Thread 0x00007fbf2c828800 6299       3       java.util.LinkedList::getFirst (22 bytes)
Event: 967.376 Thread 0x00007fbf2c828800 nmethod 6299 0x0000000105ed3110 code [0x0000000105ed3280, 0x0000000105ed34e8]
Event: 970.985 Thread 0x00007fbf2c828800 6301   !   3       java.awt.AWTEvent::setSource (95 bytes)
Event: 970.986 Thread 0x00007fbf2c828800 nmethod 6301 0x0000000105e67d10 code [0x0000000105e67ec0, 0x0000000105e68748]
Event: 4345.340 Thread 0x00007fbf2d03c800 6302       4       javax.swing.plaf.synth.SynthLookAndFeel::update (7 bytes)
Event: 4345.346 Thread 0x00007fbf2d03c800 nmethod 6302 0x00000001061ca710 code [0x00000001061ca860, 0x00000001061ca8c8]

GC Heap History (10 events):
Event: 19.185 GC heap before
{Heap before GC invocations=4 (full 0):
 PSYoungGen      total 38400K, used 34980K [0x0000000795580000, 0x000000079a080000, 0x00000007c0000000)
  eden space 33280K, 89% used [0x0000000795580000,0x00000007972abaf0,0x0000000797600000)
  from space 5120K, 99% used [0x0000000797600000,0x0000000797afd568,0x0000000797b00000)
  to   space 5120K, 0% used [0x0000000799b80000,0x0000000799b80000,0x000000079a080000)
 ParOldGen       total 87552K, used 4803K [0x0000000740000000, 0x0000000745580000, 0x0000000795580000)
  object space 87552K, 5% used [0x0000000740000000,0x00000007404b0cc8,0x0000000745580000)
 Metaspace       used 20759K, capacity 21032K, committed 21296K, reserved 1069056K
  class space    used 2506K, capacity 2630K, committed 2688K, reserved 1048576K
Event: 19.193 GC heap after
Heap after GC invocations=4 (full 0):
 PSYoungGen      total 71680K, used 3936K [0x0000000795580000, 0x000000079a080000, 0x00000007c0000000)
  eden space 66560K, 0% used [0x0000000795580000,0x0000000795580000,0x0000000799680000)
  from space 5120K, 76% used [0x0000000799b80000,0x0000000799f583c8,0x000000079a080000)
  to   space 5120K, 0% used [0x0000000799680000,0x0000000799680000,0x0000000799b80000)
 ParOldGen       total 87552K, used 4811K [0x0000000740000000, 0x0000000745580000, 0x0000000795580000)
  object space 87552K, 5% used [0x0000000740000000,0x00000007404b2cc8,0x0000000745580000)
 Metaspace       used 20759K, capacity 21032K, committed 21296K, reserved 1069056K
  class space    used 2506K, capacity 2630K, committed 2688K, reserved 1048576K
}
Event: 19.193 GC heap before
{Heap before GC invocations=5 (full 1):
 PSYoungGen      total 71680K, used 3936K [0x0000000795580000, 0x000000079a080000, 0x00000007c0000000)
  eden space 66560K, 0% used [0x0000000795580000,0x0000000795580000,0x0000000799680000)
  from space 5120K, 76% used [0x0000000799b80000,0x0000000799f583c8,0x000000079a080000)
  to   space 5120K, 0% used [0x0000000799680000,0x0000000799680000,0x0000000799b80000)
 ParOldGen       total 87552K, used 4811K [0x0000000740000000, 0x0000000745580000, 0x0000000795580000)
  object space 87552K, 5% used [0x0000000740000000,0x00000007404b2cc8,0x0000000745580000)
 Metaspace       used 20759K, capacity 21032K, committed 21296K, reserved 1069056K
  class space    used 2506K, capacity 2630K, committed 2688K, reserved 1048576K
Event: 19.232 GC heap after
Heap after GC invocations=5 (full 1):
 PSYoungGen      total 71680K, used 0K [0x0000000795580000, 0x000000079a080000, 0x00000007c0000000)
  eden space 66560K, 0% used [0x0000000795580000,0x0000000795580000,0x0000000799680000)
  from space 5120K, 0% used [0x0000000799b80000,0x0000000799b80000,0x000000079a080000)
  to   space 5120K, 0% used [0x0000000799680000,0x0000000799680000,0x0000000799b80000)
 ParOldGen       total 46592K, used 5706K [0x0000000740000000, 0x0000000742d80000, 0x0000000795580000)
  object space 46592K, 12% used [0x0000000740000000,0x0000000740592a70,0x0000000742d80000)
 Metaspace       used 20759K, capacity 21032K, committed 21296K, reserved 1069056K
  class space    used 2506K, capacity 2630K, committed 2688K, reserved 1048576K
}
Event: 32.034 GC heap before
{Heap before GC invocations=6 (full 1):
 PSYoungGen      total 71680K, used 66560K [0x0000000795580000, 0x000000079a080000, 0x00000007c0000000)
  eden space 66560K, 100% used [0x0000000795580000,0x0000000799680000,0x0000000799680000)
  from space 5120K, 0% used [0x0000000799b80000,0x0000000799b80000,0x000000079a080000)
  to   space 5120K, 0% used [0x0000000799680000,0x0000000799680000,0x0000000799b80000)
 ParOldGen       total 46592K, used 5706K [0x0000000740000000, 0x0000000742d80000, 0x0000000795580000)
  object space 46592K, 12% used [0x0000000740000000,0x0000000740592a70,0x0000000742d80000)
 Metaspace       used 24461K, capacity 24806K, committed 25216K, reserved 1071104K
  class space    used 2977K, capacity 3115K, committed 3200K, reserved 1048576K
Event: 32.042 GC heap after
Heap after GC invocations=6 (full 1):
 PSYoungGen      total 71680K, used 5105K [0x0000000795580000, 0x000000079e380000, 0x00000007c0000000)
  eden space 66560K, 0% used [0x0000000795580000,0x0000000795580000,0x0000000799680000)
  from space 5120K, 99% used [0x0000000799680000,0x0000000799b7c620,0x0000000799b80000)
  to   space 10240K, 0% used [0x000000079d980000,0x000000079d980000,0x000000079e380000)
 ParOldGen       total 46592K, used 8609K [0x0000000740000000, 0x0000000742d80000, 0x0000000795580000)
  object space 46592K, 18% used [0x0000000740000000,0x00000007408684f0,0x0000000742d80000)
 Metaspace       used 24461K, capacity 24806K, committed 25216K, reserved 1071104K
  class space    used 2977K, capacity 3115K, committed 3200K, reserved 1048576K
}
Event: 36.847 GC heap before
{Heap before GC invocations=7 (full 1):
 PSYoungGen      total 71680K, used 71665K [0x0000000795580000, 0x000000079e380000, 0x00000007c0000000)
  eden space 66560K, 100% used [0x0000000795580000,0x0000000799680000,0x0000000799680000)
  from space 5120K, 99% used [0x0000000799680000,0x0000000799b7c620,0x0000000799b80000)
  to   space 10240K, 0% used [0x000000079d980000,0x000000079d980000,0x000000079e380000)
 ParOldGen       total 46592K, used 8609K [0x0000000740000000, 0x0000000742d80000, 0x0000000795580000)
  object space 46592K, 18% used [0x0000000740000000,0x00000007408684f0,0x0000000742d80000)
 Metaspace       used 25804K, capacity 26054K, committed 26496K, reserved 1073152K
  class space    used 3232K, capacity 3339K, committed 3456K, reserved 1048576K
Event: 36.852 GC heap after
Heap after GC invocations=7 (full 1):
 PSYoungGen      total 129024K, used 6375K [0x0000000795580000, 0x000000079e000000, 0x00000007c0000000)
  eden space 122368K, 0% used [0x0000000795580000,0x0000000795580000,0x000000079cd00000)
  from space 6656K, 95% used [0x000000079d980000,0x000000079dfb9e50,0x000000079e000000)
  to   space 9728K, 0% used [0x000000079cd00000,0x000000079cd00000,0x000000079d680000)
 ParOldGen       total 46592K, used 8617K [0x0000000740000000, 0x0000000742d80000, 0x0000000795580000)
  object space 46592K, 18% used [0x0000000740000000,0x000000074086a4f0,0x0000000742d80000)
 Metaspace       used 25804K, capacity 26054K, committed 26496K, reserved 1073152K
  class space    used 3232K, capacity 3339K, committed 3456K, reserved 1048576K
}
Event: 394.930 GC heap before
{Heap before GC invocations=8 (full 1):
 PSYoungGen      total 129024K, used 128743K [0x0000000795580000, 0x000000079e000000, 0x00000007c0000000)
  eden space 122368K, 100% used [0x0000000795580000,0x000000079cd00000,0x000000079cd00000)
  from space 6656K, 95% used [0x000000079d980000,0x000000079dfb9e50,0x000000079e000000)
  to   space 9728K, 0% used [0x000000079cd00000,0x000000079cd00000,0x000000079d680000)
 ParOldGen       total 46592K, used 8617K [0x0000000740000000, 0x0000000742d80000, 0x0000000795580000)
  object space 46592K, 18% used [0x0000000740000000,0x000000074086a4f0,0x0000000742d80000)
 Metaspace       used 27906K, capacity 28216K, committed 28672K, reserved 1075200K
  class space    used 3438K, capacity 3566K, committed 3584K, reserved 1048576K
Event: 394.949 GC heap after
Heap after GC invocations=8 (full 1):
 PSYoungGen      total 127488K, used 9721K [0x0000000795580000, 0x000000079e480000, 0x00000007c0000000)
  eden space 117760K, 0% used [0x0000000795580000,0x0000000795580000,0x000000079c880000)
  from space 9728K, 99% used [0x000000079cd00000,0x000000079d67e738,0x000000079d680000)
  to   space 14336K, 0% used [0x000000079d680000,0x000000079d680000,0x000000079e480000)
 ParOldGen       total 46592K, used 16022K [0x0000000740000000, 0x0000000742d80000, 0x0000000795580000)
  object space 46592K, 34% used [0x0000000740000000,0x0000000740fa5988,0x0000000742d80000)
 Metaspace       used 27906K, capacity 28216K, committed 28672K, reserved 1075200K
  class space    used 3438K, capacity 3566K, committed 3584K, reserved 1048576K
}

Deoptimization events (10 events):
Event: 553.039 Thread 0x00007fbf2d295800 Uncommon trap: reason=speculate_class_check action=maybe_recompile pc=0x0000000106592504 method=java.awt.Component.dispatchEventImpl(Ljava/awt/AWTEvent;)V @ 506
Event: 553.242 Thread 0x00007fbf2d295800 Uncommon trap: reason=speculate_class_check action=maybe_recompile pc=0x0000000106592504 method=java.awt.Component.dispatchEventImpl(Ljava/awt/AWTEvent;)V @ 506
Event: 940.455 Thread 0x00007fbf2d295800 Uncommon trap: reason=class_check action=maybe_recompile pc=0x000000010630c674 method=javax.swing.JComponent.uninstallUIAndProperties()V @ 12
Event: 940.456 Thread 0x00007fbf2d295800 Uncommon trap: reason=unstable_if action=reinterpret pc=0x00000001060f65e4 method=javax.swing.plaf.synth.SynthStyle.installDefaults(Ljavax/swing/plaf/synth/SynthContext;)V @ 92
Event: 940.458 Thread 0x00007fbf2d295800 Uncommon trap: reason=null_check action=make_not_entrant pc=0x00000001064a41b4 method=javax.swing.tree.VariableHeightLayoutCache.getMapping(Ljavax/swing/tree/TreePath;)Ljavax/swing/tree/VariableHeightLayoutCache$TreeStateNode; @ 8
Event: 943.060 Thread 0x00007fbf2d295800 Uncommon trap: reason=class_check action=maybe_recompile pc=0x000000010630c674 method=javax.swing.JComponent.uninstallUIAndProperties()V @ 12
Event: 943.060 Thread 0x00007fbf2d295800 Uncommon trap: reason=unstable_if action=reinterpret pc=0x0000000105f4a174 method=javax.swing.plaf.synth.SynthStyle.installDefaults(Ljavax/swing/plaf/synth/SynthContext;)V @ 92
Event: 943.062 Thread 0x00007fbf2d295800 Uncommon trap: reason=unstable_if action=reinterpret pc=0x00000001061dffc0 method=javax.swing.tree.VariableHeightLayoutCache$TreeStateNode.isVisible()Z @ 29
Event: 943.062 Thread 0x00007fbf2d295800 Uncommon trap: reason=class_check action=maybe_recompile pc=0x000000010630c674 method=javax.swing.JComponent.uninstallUIAndProperties()V @ 12
Event: 943.064 Thread 0x00007fbf2d295800 Uncommon trap: reason=class_check action=maybe_recompile pc=0x000000010630c674 method=javax.swing.JComponent.uninstallUIAndProperties()V @ 12

Internal exceptions (10 events):
Event: 48.995 Thread 0x00007fbf2d295800 Exception <a 'java/lang/ClassCastException': java.awt.Font cannot be cast to java.lang.Cloneable> (0x0000000796df2bb0) thrown at [/Users/java_re/workspace/8-2-build-macosx-x86_64/jdk8u77/6540/hotspot/src/share/vm/interpreter/interpreterRuntime.cpp, line 3
Event: 388.871 Thread 0x00007fbf2d295800 Implicit null exception at 0x000000010611b28d to 0x000000010611d629
Event: 499.140 Thread 0x00007fbf2d295800 Exception <a 'java/lang/ClassCastException': java.awt.BasicStroke cannot be cast to java.lang.Cloneable> (0x0000000796db1e98) thrown at [/Users/java_re/workspace/8-2-build-macosx-x86_64/jdk8u77/6540/hotspot/src/share/vm/interpreter/interpreterRuntime.cpp,
Event: 499.140 Thread 0x00007fbf2d295800 Exception <a 'java/lang/ClassCastException': java.awt.Font cannot be cast to java.lang.Cloneable> (0x0000000796db3660) thrown at [/Users/java_re/workspace/8-2-build-macosx-x86_64/jdk8u77/6540/hotspot/src/share/vm/interpreter/interpreterRuntime.cpp, line 3
Event: 499.140 Thread 0x00007fbf2d295800 Exception <a 'java/lang/ClassCastException': java.awt.Font cannot be cast to java.lang.Cloneable> (0x0000000796db3fd0) thrown at [/Users/java_re/workspace/8-2-build-macosx-x86_64/jdk8u77/6540/hotspot/src/share/vm/interpreter/interpreterRuntime.cpp, line 3
Event: 499.140 Thread 0x00007fbf2d295800 Exception <a 'java/lang/ClassCastException': java.awt.Font cannot be cast to java.lang.Cloneable> (0x0000000796db4940) thrown at [/Users/java_re/workspace/8-2-build-macosx-x86_64/jdk8u77/6540/hotspot/src/share/vm/interpreter/interpreterRuntime.cpp, line 3
Event: 499.141 Thread 0x00007fbf2d295800 Exception <a 'java/lang/ClassCastException': java.awt.BasicStroke cannot be cast to java.lang.Cloneable> (0x0000000796dba1d0) thrown at [/Users/java_re/workspace/8-2-build-macosx-x86_64/jdk8u77/6540/hotspot/src/share/vm/interpreter/interpreterRuntime.cpp,
Event: 499.141 Thread 0x00007fbf2d295800 Exception <a 'java/lang/ClassCastException': java.awt.Font cannot be cast to java.lang.Cloneable> (0x0000000796dbab48) thrown at [/Users/java_re/workspace/8-2-build-macosx-x86_64/jdk8u77/6540/hotspot/src/share/vm/interpreter/interpreterRuntime.cpp, line 3
Event: 499.141 Thread 0x00007fbf2d295800 Exception <a 'java/lang/ClassCastException': java.awt.Font cannot be cast to java.lang.Cloneable> (0x0000000796dbb4b0) thrown at [/Users/java_re/workspace/8-2-build-macosx-x86_64/jdk8u77/6540/hotspot/src/share/vm/interpreter/interpreterRuntime.cpp, line 3
Event: 499.141 Thread 0x00007fbf2d295800 Exception <a 'java/lang/ClassCastException': java.awt.Font cannot be cast to java.lang.Cloneable> (0x0000000796dbbe18) thrown at [/Users/java_re/workspace/8-2-build-macosx-x86_64/jdk8u77/6540/hotspot/src/share/vm/interpreter/interpreterRuntime.cpp, line 3

Events (10 events):
Event: 4345.348 Thread 0x00007fbf2d03c800 flushing nmethod 0x000000010605f8d0
Event: 4345.352 Thread 0x00007fbf2d03c800 flushing nmethod 0x00000001060a8990
Event: 4345.352 Thread 0x00007fbf2d03c800 flushing nmethod 0x00000001060b3b10
Event: 4345.352 Thread 0x00007fbf2d03c800 flushing nmethod 0x00000001060b81d0
Event: 4345.353 Thread 0x00007fbf2d03c800 flushing nmethod 0x00000001060c1ad0
Event: 4345.353 Thread 0x00007fbf2d03c800 flushing nmethod 0x00000001060cb490
Event: 4345.353 Thread 0x00007fbf2d03c800 flushing nmethod 0x00000001060cbd50
Event: 4345.353 Thread 0x00007fbf2d03c800 flushing nmethod 0x00000001060dfd10
Event: 4345.357 Thread 0x00007fbf2d03c800 flushing nmethod 0x0000000106150fd0
Event: 4345.359 Thread 0x00007fbf2d03c800 flushing nmethod 0x00000001061a0210


Dynamic libraries:
0x000000000e16e000 	/System/Library/Frameworks/Cocoa.framework/Versions/A/Cocoa
0x000000000e16e000 	/System/Library/Frameworks/Security.framework/Versions/A/Security
0x000000000e16e000 	/System/Library/Frameworks/ApplicationServices.framework/Versions/A/ApplicationServices
0x000000000e16e000 	/usr/lib/libz.1.dylib
0x000000000e16e000 	/usr/lib/libSystem.B.dylib
0x000000000e16e000 	/usr/lib/libobjc.A.dylib
0x000000000e16e000 	/System/Library/Frameworks/CoreFoundation.framework/Versions/A/CoreFoundation
0x000000000e16e000 	/System/Library/Frameworks/Foundation.framework/Versions/C/Foundation
0x000000000e16e000 	/System/Library/Frameworks/AppKit.framework/Versions/C/AppKit
0x000000000e16e000 	/System/Library/Frameworks/CoreData.framework/Versions/A/CoreData
0x000000000e16e000 	/System/Library/PrivateFrameworks/RemoteViewServices.framework/Versions/A/RemoteViewServices
0x000000000e16e000 	/System/Library/PrivateFrameworks/UIFoundation.framework/Versions/A/UIFoundation
0x000000000e16e000 	/usr/lib/libenergytrace.dylib
0x000000000e16e000 	/System/Library/PrivateFrameworks/SkyLight.framework/Versions/A/SkyLight
0x000000000e16e000 	/System/Library/Frameworks/CoreGraphics.framework/Versions/A/CoreGraphics
0x000000000e16e000 	/usr/lib/libScreenReader.dylib
0x000000000e16e000 	/System/Library/Frameworks/Accelerate.framework/Versions/A/Accelerate
0x000000000e16e000 	/System/Library/Frameworks/IOSurface.framework/Versions/A/IOSurface
0x000000000e16e000 	/System/Library/Frameworks/AudioToolbox.framework/Versions/A/AudioToolbox
0x000000000e16e000 	/System/Library/Frameworks/AudioUnit.framework/Versions/A/AudioUnit
0x000000000e16e000 	/System/Library/PrivateFrameworks/DataDetectorsCore.framework/Versions/A/DataDetectorsCore
0x000000000e16e000 	/System/Library/PrivateFrameworks/DesktopServicesPriv.framework/Versions/A/DesktopServicesPriv
0x000000000e16e000 	/System/Library/Frameworks/Carbon.framework/Versions/A/Frameworks/HIToolbox.framework/Versions/A/HIToolbox
0x000000000e16e000 	/usr/lib/libicucore.A.dylib
0x000000000e16e000 	/System/Library/Frameworks/QuartzCore.framework/Versions/A/QuartzCore
0x000000000e16e000 	/System/Library/Frameworks/Carbon.framework/Versions/A/Frameworks/SpeechRecognition.framework/Versions/A/SpeechRecognition
0x000000000e16e000 	/usr/lib/libauto.dylib
0x000000000e16e000 	/usr/lib/libxml2.2.dylib
0x000000000e16e000 	/System/Library/PrivateFrameworks/CoreUI.framework/Versions/A/CoreUI
0x000000000e16e000 	/System/Library/Frameworks/CoreAudio.framework/Versions/A/CoreAudio
0x000000000e16e000 	/System/Library/Frameworks/DiskArbitration.framework/Versions/A/DiskArbitration
0x000000000e16e000 	/usr/lib/liblangid.dylib
0x000000000e16e000 	/System/Library/PrivateFrameworks/MultitouchSupport.framework/Versions/A/MultitouchSupport
0x000000000e16e000 	/System/Library/Frameworks/IOKit.framework/Versions/A/IOKit
0x000000000e16e000 	/usr/lib/libDiagnosticMessagesClient.dylib
0x000000000e16e000 	/System/Library/Frameworks/CoreServices.framework/Versions/A/CoreServices
0x000000000e16e000 	/System/Library/PrivateFrameworks/PerformanceAnalysis.framework/Versions/A/PerformanceAnalysis
0x000000000e16e000 	/System/Library/PrivateFrameworks/GenerationalStorage.framework/Versions/A/GenerationalStorage
0x000000000e16e000 	/System/Library/Frameworks/OpenGL.framework/Versions/A/OpenGL
0x000000000e16e000 	/System/Library/Frameworks/CoreImage.framework/Versions/A/CoreImage
0x000000000e16e000 	/System/Library/Frameworks/CoreText.framework/Versions/A/CoreText
0x000000000e16e000 	/System/Library/Frameworks/ImageIO.framework/Versions/A/ImageIO
0x000000000e16e000 	/System/Library/PrivateFrameworks/Backup.framework/Versions/A/Backup
0x000000000e16e000 	/usr/lib/libarchive.2.dylib
0x000000000e16e000 	/System/Library/Frameworks/CFNetwork.framework/Versions/A/CFNetwork
0x000000000e16e000 	/System/Library/Frameworks/SystemConfiguration.framework/Versions/A/SystemConfiguration
0x000000000e16e000 	/usr/lib/libCRFSuite.dylib
0x000000000e16e000 	/usr/lib/libc++.1.dylib
0x000000000e16e000 	/usr/lib/libc++abi.dylib
0x000000000e16e000 	/usr/lib/system/libcache.dylib
0x000000000e16e000 	/usr/lib/system/libcommonCrypto.dylib
0x000000000e16e000 	/usr/lib/system/libcompiler_rt.dylib
0x000000000e16e000 	/usr/lib/system/libcopyfile.dylib
0x000000000e16e000 	/usr/lib/system/libcorecrypto.dylib
0x000000000e16e000 	/usr/lib/system/libdispatch.dylib
0x000000000e16e000 	/usr/lib/system/libdyld.dylib
0x000000000e16e000 	/usr/lib/system/libkeymgr.dylib
0x000000000e16e000 	/usr/lib/system/liblaunch.dylib
0x000000000e16e000 	/usr/lib/system/libmacho.dylib
0x000000000e16e000 	/usr/lib/system/libquarantine.dylib
0x000000000e16e000 	/usr/lib/system/libremovefile.dylib
0x000000000e16e000 	/usr/lib/system/libsystem_asl.dylib
0x000000000e16e000 	/usr/lib/system/libsystem_blocks.dylib
0x000000000e16e000 	/usr/lib/system/libsystem_c.dylib
0x000000000e16e000 	/usr/lib/system/libsystem_configuration.dylib
0x000000000e16e000 	/usr/lib/system/libsystem_coreservices.dylib
0x000000000e16e000 	/usr/lib/system/libsystem_coretls.dylib
0x000000000e16e000 	/usr/lib/system/libsystem_dnssd.dylib
0x000000000e16e000 	/usr/lib/system/libsystem_info.dylib
0x000000000e16e000 	/usr/lib/system/libsystem_kernel.dylib
0x000000000e16e000 	/usr/lib/system/libsystem_m.dylib
0x000000000e16e000 	/usr/lib/system/libsystem_malloc.dylib
0x000000000e16e000 	/usr/lib/system/libsystem_network.dylib
0x000000000e16e000 	/usr/lib/system/libsystem_networkextension.dylib
0x000000000e16e000 	/usr/lib/system/libsystem_notify.dylib
0x000000000e16e000 	/usr/lib/system/libsystem_platform.dylib
0x000000000e16e000 	/usr/lib/system/libsystem_pthread.dylib
0x000000000e16e000 	/usr/lib/system/libsystem_sandbox.dylib
0x000000000e16e000 	/usr/lib/system/libsystem_secinit.dylib
0x000000000e16e000 	/usr/lib/system/libsystem_symptoms.dylib
0x000000000e16e000 	/usr/lib/system/libsystem_trace.dylib
0x000000000e16e000 	/usr/lib/system/libunwind.dylib
0x000000000e16e000 	/usr/lib/system/libxpc.dylib
0x000000000e16e000 	/usr/lib/libbsm.0.dylib
0x000000000e16e000 	/usr/lib/system/libkxld.dylib
0x000000000e16e000 	/usr/lib/libcoretls.dylib
0x000000000e16e000 	/usr/lib/libcoretls_cfhelpers.dylib
0x000000000e16e000 	/usr/lib/libxar.1.dylib
0x000000000e16e000 	/usr/lib/libsqlite3.dylib
0x000000000e16e000 	/usr/lib/libpam.2.dylib
0x000000000e16e000 	/usr/lib/libOpenScriptingUtil.dylib
0x000000000e16e000 	/usr/lib/libbz2.1.0.dylib
0x000000000e16e000 	/usr/lib/liblzma.5.dylib
0x000000000e16e000 	/usr/lib/libnetwork.dylib
0x000000000e16e000 	/usr/lib/libpcap.A.dylib
0x000000000e16e000 	/System/Library/Frameworks/CoreServices.framework/Versions/A/Frameworks/FSEvents.framework/Versions/A/FSEvents
0x000000000e16e000 	/System/Library/Frameworks/CoreServices.framework/Versions/A/Frameworks/CarbonCore.framework/Versions/A/CarbonCore
0x000000000e16e000 	/System/Library/Frameworks/CoreServices.framework/Versions/A/Frameworks/Metadata.framework/Versions/A/Metadata
0x000000000e16e000 	/System/Library/Frameworks/CoreServices.framework/Versions/A/Frameworks/OSServices.framework/Versions/A/OSServices
0x000000000e16e000 	/System/Library/Frameworks/CoreServices.framework/Versions/A/Frameworks/SearchKit.framework/Versions/A/SearchKit
0x000000000e16e000 	/System/Library/Frameworks/CoreServices.framework/Versions/A/Frameworks/AE.framework/Versions/A/AE
0x000000000e16e000 	/System/Library/Frameworks/CoreServices.framework/Versions/A/Frameworks/LaunchServices.framework/Versions/A/LaunchServices
0x000000000e16e000 	/System/Library/Frameworks/CoreServices.framework/Versions/A/Frameworks/DictionaryServices.framework/Versions/A/DictionaryServices
0x000000000e16e000 	/System/Library/Frameworks/CoreServices.framework/Versions/A/Frameworks/SharedFileList.framework/Versions/A/SharedFileList
0x000000000e16e000 	/System/Library/Frameworks/NetFS.framework/Versions/A/NetFS
0x000000000e16e000 	/System/Library/PrivateFrameworks/NetAuth.framework/Versions/A/NetAuth
0x000000000e16e000 	/System/Library/PrivateFrameworks/login.framework/Versions/A/Frameworks/loginsupport.framework/Versions/A/loginsupport
0x000000000e16e000 	/System/Library/PrivateFrameworks/TCC.framework/Versions/A/TCC
0x000000000e16e000 	/usr/lib/libmecabra.dylib
0x000000000e16e000 	/System/Library/Frameworks/ApplicationServices.framework/Versions/A/Frameworks/ATS.framework/Versions/A/ATS
0x000000000e16e000 	/System/Library/Frameworks/ApplicationServices.framework/Versions/A/Frameworks/ColorSync.framework/Versions/A/ColorSync
0x000000000e16e000 	/System/Library/Frameworks/ApplicationServices.framework/Versions/A/Frameworks/HIServices.framework/Versions/A/HIServices
0x000000000e16e000 	/System/Library/Frameworks/ApplicationServices.framework/Versions/A/Frameworks/LangAnalysis.framework/Versions/A/LangAnalysis
0x000000000e16e000 	/System/Library/Frameworks/ApplicationServices.framework/Versions/A/Frameworks/PrintCore.framework/Versions/A/PrintCore
0x000000000e16e000 	/System/Library/Frameworks/ApplicationServices.framework/Versions/A/Frameworks/QD.framework/Versions/A/QD
0x000000000e16e000 	/System/Library/Frameworks/ApplicationServices.framework/Versions/A/Frameworks/SpeechSynthesis.framework/Versions/A/SpeechSynthesis
0x000000000e16e000 	/System/Library/Frameworks/Accelerate.framework/Versions/A/Frameworks/vImage.framework/Versions/A/vImage
0x000000000e16e000 	/System/Library/Frameworks/Accelerate.framework/Versions/A/Frameworks/vecLib.framework/Versions/A/vecLib
0x000000000e16e000 	/System/Library/Frameworks/Accelerate.framework/Versions/A/Frameworks/vecLib.framework/Versions/A/libvDSP.dylib
0x000000000e16e000 	/System/Library/Frameworks/Accelerate.framework/Versions/A/Frameworks/vecLib.framework/Versions/A/libBNNS.dylib
0x000000000e16e000 	/System/Library/Frameworks/Accelerate.framework/Versions/A/Frameworks/vecLib.framework/Versions/A/libQuadrature.dylib
0x000000000e16e000 	/System/Library/Frameworks/Accelerate.framework/Versions/A/Frameworks/vecLib.framework/Versions/A/libvMisc.dylib
0x000000000e16e000 	/System/Library/Frameworks/Accelerate.framework/Versions/A/Frameworks/vecLib.framework/Versions/A/libLAPACK.dylib
0x000000000e16e000 	/System/Library/Frameworks/Accelerate.framework/Versions/A/Frameworks/vecLib.framework/Versions/A/libBLAS.dylib
0x000000000e16e000 	/System/Library/Frameworks/Accelerate.framework/Versions/A/Frameworks/vecLib.framework/Versions/A/libLinearAlgebra.dylib
0x000000000e16e000 	/System/Library/Frameworks/Accelerate.framework/Versions/A/Frameworks/vecLib.framework/Versions/A/libSparseBLAS.dylib
0x000000000e16e000 	/System/Library/Frameworks/ApplicationServices.framework/Versions/A/Frameworks/ATS.framework/Versions/A/Resources/libFontParser.dylib
0x000000000e16e000 	/System/Library/Frameworks/ApplicationServices.framework/Versions/A/Frameworks/ATS.framework/Versions/A/Resources/libFontRegistry.dylib
0x000000000e16e000 	/System/Library/Frameworks/ImageIO.framework/Versions/A/Resources/libJPEG.dylib
0x000000000e16e000 	/System/Library/Frameworks/ImageIO.framework/Versions/A/Resources/libTIFF.dylib
0x000000000e16e000 	/System/Library/Frameworks/ImageIO.framework/Versions/A/Resources/libPng.dylib
0x000000000e16e000 	/System/Library/Frameworks/ImageIO.framework/Versions/A/Resources/libGIF.dylib
0x000000000e16e000 	/System/Library/Frameworks/ImageIO.framework/Versions/A/Resources/libJP2.dylib
0x000000000e16e000 	/System/Library/Frameworks/ImageIO.framework/Versions/A/Resources/libRadiance.dylib
0x000000000e16e000 	/usr/lib/libcompression.dylib
0x000000000e16e000 	/System/Library/PrivateFrameworks/AppleJPEG.framework/Versions/A/AppleJPEG
0x000000000e16e000 	/usr/lib/libcups.2.dylib
0x000000000e16e000 	/System/Library/Frameworks/Kerberos.framework/Versions/A/Kerberos
0x000000000e16e000 	/System/Library/Frameworks/GSS.framework/Versions/A/GSS
0x000000000e16e000 	/usr/lib/libresolv.9.dylib
0x000000000e16e000 	/usr/lib/libiconv.2.dylib
0x000000000e16e000 	/System/Library/PrivateFrameworks/Heimdal.framework/Versions/A/Heimdal
0x000000000e16e000 	/usr/lib/libheimdal-asn1.dylib
0x000000000e16e000 	/System/Library/Frameworks/OpenDirectory.framework/Versions/A/OpenDirectory
0x000000000e16e000 	/System/Library/PrivateFrameworks/CommonAuth.framework/Versions/A/CommonAuth
0x000000000e16e000 	/System/Library/Frameworks/OpenDirectory.framework/Versions/A/Frameworks/CFOpenDirectory.framework/Versions/A/CFOpenDirectory
0x000000000e16e000 	/System/Library/Frameworks/SecurityFoundation.framework/Versions/A/SecurityFoundation
0x000000000e16e000 	/System/Library/PrivateFrameworks/LanguageModeling.framework/Versions/A/LanguageModeling
0x000000000e16e000 	/usr/lib/libmarisa.dylib
0x000000000e16e000 	/usr/lib/libChineseTokenizer.dylib
0x000000000e16e000 	/usr/lib/libcmph.dylib
0x000000000e16e000 	/System/Library/PrivateFrameworks/CoreEmoji.framework/Versions/A/CoreEmoji
0x000000000e16e000 	/System/Library/Frameworks/ServiceManagement.framework/Versions/A/ServiceManagement
0x000000000e16e000 	/usr/lib/libxslt.1.dylib
0x000000000e16e000 	/System/Library/Frameworks/Carbon.framework/Versions/A/Frameworks/Ink.framework/Versions/A/Ink
0x000000000e16e000 	/System/Library/PrivateFrameworks/TextureIO.framework/Versions/A/TextureIO
0x000000000e16e000 	/System/Library/Frameworks/Metal.framework/Versions/A/Metal
0x000000000e16e000 	/usr/lib/libate.dylib
0x000000000e16e000 	/System/Library/PrivateFrameworks/GPUCompiler.framework/libmetal_timestamp.dylib
0x000000000e16e000 	/System/Library/Frameworks/OpenGL.framework/Versions/A/Libraries/libCoreFSCache.dylib
0x000000000e16e000 	/System/Library/PrivateFrameworks/IOAccelerator.framework/Versions/A/IOAccelerator
0x000000000e16e000 	/System/Library/Frameworks/CoreVideo.framework/Versions/A/CoreVideo
0x000000000e16e000 	/usr/lib/libFosl_dynamic.dylib
0x000000000e16e000 	/System/Library/PrivateFrameworks/MetalPerformanceShaders.framework/Versions/A/MetalPerformanceShaders
0x000000000e16e000 	/System/Library/PrivateFrameworks/FaceCore.framework/Versions/A/FaceCore
0x000000000e16e000 	/System/Library/Frameworks/OpenCL.framework/Versions/A/OpenCL
0x000000000e16e000 	/System/Library/Frameworks/OpenGL.framework/Versions/A/Libraries/libGLU.dylib
0x000000000e16e000 	/System/Library/Frameworks/OpenGL.framework/Versions/A/Libraries/libGFXShared.dylib
0x000000000e16e000 	/System/Library/Frameworks/OpenGL.framework/Versions/A/Libraries/libGL.dylib
0x000000000e16e000 	/System/Library/Frameworks/OpenGL.framework/Versions/A/Libraries/libGLImage.dylib
0x000000000e16e000 	/System/Library/Frameworks/OpenGL.framework/Versions/A/Libraries/libCVMSPluginSupport.dylib
0x000000000e16e000 	/System/Library/Frameworks/OpenGL.framework/Versions/A/Libraries/libCoreVMClient.dylib
0x000000000e16e000 	/System/Library/PrivateFrameworks/CrashReporterSupport.framework/Versions/A/CrashReporterSupport
0x000000000e16e000 	/System/Library/PrivateFrameworks/Sharing.framework/Versions/A/Sharing
0x000000000e16e000 	/System/Library/PrivateFrameworks/IconServices.framework/Versions/A/IconServices
0x000000000e16e000 	/System/Library/PrivateFrameworks/ProtocolBuffer.framework/Versions/A/ProtocolBuffer
0x000000000e16e000 	/System/Library/PrivateFrameworks/Apple80211.framework/Versions/A/Apple80211
0x000000000e16e000 	/System/Library/Frameworks/CoreWLAN.framework/Versions/A/CoreWLAN
0x000000000e16e000 	/System/Library/PrivateFrameworks/CoreUtils.framework/Versions/A/CoreUtils
0x000000000e16e000 	/System/Library/Frameworks/IOBluetooth.framework/Versions/A/IOBluetooth
0x000000000e16e000 	/System/Library/PrivateFrameworks/CoreWiFi.framework/Versions/A/CoreWiFi
0x000000000e16e000 	/System/Library/Frameworks/CoreBluetooth.framework/Versions/A/CoreBluetooth
0x000000000e16e000 	/System/Library/Frameworks/CoreDisplay.framework/Versions/A/CoreDisplay
0x000000000e16e000 	/System/Library/PrivateFrameworks/IOPresentment.framework/Versions/A/IOPresentment
0x000000000e16e000 	/System/Library/PrivateFrameworks/DebugSymbols.framework/Versions/A/DebugSymbols
0x000000000e16e000 	/System/Library/PrivateFrameworks/CoreSymbolication.framework/Versions/A/CoreSymbolication
0x000000000e16e000 	/System/Library/PrivateFrameworks/Symbolication.framework/Versions/A/Symbolication
0x000000000e16e000 	/System/Library/PrivateFrameworks/AppleFSCompression.framework/Versions/A/AppleFSCompression
0x000000000e16e000 	/System/Library/PrivateFrameworks/SpeechRecognitionCore.framework/Versions/A/SpeechRecognitionCore
0x000000000e16e000 	/System/Library/PrivateFrameworks/ChunkingLibrary.framework/Versions/A/ChunkingLibrary
0x0000000101e00000 	/Library/Java/JavaVirtualMachines/jdk1.8.0_77.jdk/Contents/Home/jre/lib/server/libjvm.dylib
0x000000000e16e000 	/usr/lib/libstdc++.6.dylib
0x000000010155a000 	/Library/Java/JavaVirtualMachines/jdk1.8.0_77.jdk/Contents/Home/jre/lib/libverify.dylib
0x0000000101568000 	/Library/Java/JavaVirtualMachines/jdk1.8.0_77.jdk/Contents/Home/jre/lib/libjava.dylib
0x00000001015a7000 	/Library/Java/JavaVirtualMachines/jdk1.8.0_77.jdk/Contents/Home/jre/lib/libzip.dylib
0x00000001053a2000 	/System/Library/Frameworks/JavaVM.framework/Frameworks/JavaRuntimeSupport.framework/JavaRuntimeSupport
0x0000000118758000 	/System/Library/Frameworks/JavaVM.framework/Versions/A/Frameworks/JavaNativeFoundation.framework/Versions/A/JavaNativeFoundation
0x00000001053bc000 	/System/Library/Frameworks/JavaVM.framework/Versions/A/JavaVM
0x000000000e16e000 	/System/Library/Frameworks/Carbon.framework/Versions/A/Carbon
0x000000011876d000 	/System/Library/PrivateFrameworks/JavaLaunching.framework/Versions/A/JavaLaunching
0x000000000e16e000 	/System/Library/Frameworks/Carbon.framework/Versions/A/Frameworks/CommonPanels.framework/Versions/A/CommonPanels
0x000000000e16e000 	/System/Library/Frameworks/Carbon.framework/Versions/A/Frameworks/Help.framework/Versions/A/Help
0x000000000e16e000 	/System/Library/Frameworks/Carbon.framework/Versions/A/Frameworks/ImageCapture.framework/Versions/A/ImageCapture
0x000000000e16e000 	/System/Library/Frameworks/Carbon.framework/Versions/A/Frameworks/OpenScripting.framework/Versions/A/OpenScripting
0x000000000e16e000 	/System/Library/Frameworks/Carbon.framework/Versions/A/Frameworks/Print.framework/Versions/A/Print
0x000000000e16e000 	/System/Library/Frameworks/Carbon.framework/Versions/A/Frameworks/SecurityHI.framework/Versions/A/SecurityHI
0x000000011a136000 	/Library/Java/JavaVirtualMachines/jdk1.8.0_77.jdk/Contents/Home/jre/lib/libawt.dylib
0x000000011a1de000 	/Library/Java/JavaVirtualMachines/jdk1.8.0_77.jdk/Contents/Home/jre/lib/./libmlib_image.dylib
0x000000011a2aa000 	/Library/Java/JavaVirtualMachines/jdk1.8.0_77.jdk/Contents/Home/jre/lib/libawt_lwawt.dylib
0x000000011a35f000 	/Library/Java/JavaVirtualMachines/jdk1.8.0_77.jdk/Contents/Home/jre/lib/./libosxapp.dylib
0x000000000e16e000 	/System/Library/Frameworks/ExceptionHandling.framework/Versions/A/ExceptionHandling
0x000000000e16e000 	/System/Library/PrivateFrameworks/CoreServicesInternal.framework/Versions/A/CoreServicesInternal
0x000000000e16e000 	/System/Library/CoreServices/RawCamera.bundle/Contents/MacOS/RawCamera
0x000000000e16e000 	/System/Library/Frameworks/Accelerate.framework/Versions/A/Frameworks/vImage.framework/Versions/A/Libraries/libCGInterfaces.dylib
0x000000000e16e000 	/System/Library/Frameworks/ApplicationServices.framework/Versions/A/Frameworks/ATS.framework/Versions/A/Resources/libTrueTypeScaler.dylib
0x000000000e16e000 	/System/Library/Frameworks/OpenGL.framework/Versions/A/Resources/GLEngine.bundle/GLEngine
0x000000000e16e000 	/System/Library/Frameworks/OpenGL.framework/Versions/A/Libraries/libGLProgrammability.dylib
0x000000011c017000 	/System/Library/Extensions/AppleIntelHD5000GraphicsGLDriver.bundle/Contents/MacOS/AppleIntelHD5000GraphicsGLDriver
0x000000000e16e000 	/System/Library/PrivateFrameworks/GPUSupport.framework/Versions/A/Libraries/libGPUSupportMercury.dylib
0x000000000e16e000 	/System/Library/Frameworks/OpenGL.framework/Versions/A/Resources/GLRendererFloat.bundle/GLRendererFloat
0x000000000e16e000 	/System/Library/Frameworks/OpenCL.framework/Versions/A/Libraries/libcldcpuengine.dylib
0x000000000e16e000 	/usr/lib/libcrypto.0.9.8.dylib
0x000000000e16e000 	/System/Library/PrivateFrameworks/TrustEvaluationAgent.framework/Versions/A/TrustEvaluationAgent
0x000000011c799000 	/System/Library/Extensions/AppleIntelHD5000GraphicsMTLDriver.bundle/Contents/MacOS/AppleIntelHD5000GraphicsMTLDriver
0x000000000e16e000 	/System/Library/PrivateFrameworks/FamilyControls.framework/Versions/A/FamilyControls
0x000000000e16e000 	/System/Library/PrivateFrameworks/CommerceKit.framework/Versions/A/Frameworks/CommerceCore.framework/Versions/A/CommerceCore
0x000000000e16e000 	/System/Library/PrivateFrameworks/SystemAdministration.framework/Versions/A/SystemAdministration
0x000000000e16e000 	/System/Library/PrivateFrameworks/AppContainer.framework/Versions/A/AppContainer
0x000000000e16e000 	/System/Library/PrivateFrameworks/SecCodeWrapper.framework/Versions/A/SecCodeWrapper
0x000000000e16e000 	/System/Library/Frameworks/DirectoryService.framework/Versions/A/DirectoryService
0x000000000e16e000 	/System/Library/PrivateFrameworks/DiskImages.framework/Versions/A/DiskImages
0x000000000e16e000 	/System/Library/PrivateFrameworks/LoginUIKit.framework/Versions/A/Frameworks/LoginUICore.framework/Versions/A/LoginUICore
0x000000000e16e000 	/usr/lib/libCoreStorage.dylib
0x000000000e16e000 	/usr/lib/libcsfde.dylib
0x000000000e16e000 	/usr/lib/libodfde.dylib
0x000000000e16e000 	/System/Library/Frameworks/DiscRecording.framework/Versions/A/DiscRecording
0x000000000e16e000 	/usr/lib/libcurl.4.dylib
0x000000000e16e000 	/System/Library/PrivateFrameworks/MediaKit.framework/Versions/A/MediaKit
0x000000000e16e000 	/System/Library/PrivateFrameworks/ProtectedCloudStorage.framework/Versions/A/ProtectedCloudStorage
0x000000000e16e000 	/System/Library/PrivateFrameworks/EFILogin.framework/Versions/A/EFILogin
0x000000000e16e000 	/usr/lib/libutil.dylib
0x000000000e16e000 	/System/Library/Frameworks/LDAP.framework/Versions/A/LDAP
0x000000000e16e000 	/usr/lib/libsasl2.2.dylib
0x000000000e16e000 	/System/Library/PrivateFrameworks/CoreDaemon.framework/Versions/B/CoreDaemon
0x000000000e16e000 	/System/Library/PrivateFrameworks/AppleSRP.framework/Versions/A/AppleSRP
0x000000000e16e000 	/System/Library/PrivateFrameworks/APFS.framework/Versions/A/APFS
0x000000011dad3000 	/Library/Java/JavaVirtualMachines/jdk1.8.0_77.jdk/Contents/Home/jre/lib/libfontmanager.dylib
0x000000011b18d000 	/Library/Java/JavaVirtualMachines/jdk1.8.0_77.jdk/Contents/Home/jre/lib/libosxui.dylib
0x000000000e16e000 	/System/Library/PrivateFrameworks/ViewBridge.framework/Versions/A/ViewBridge
0x000000000e16e000 	/System/Library/PrivateFrameworks/XPCService.framework/Versions/A/XPCService
0x000000000e16e000 	/System/Library/PrivateFrameworks/AppSandbox.framework/Versions/A/AppSandbox
0x000000000e16e000 	/usr/lib/libsandbox.1.dylib
0x000000000e16e000 	/usr/lib/libMatch.1.dylib
0x0000000120aad000 	/Library/Java/JavaVirtualMachines/jdk1.8.0_77.jdk/Contents/Home/jre/lib/libnet.dylib
0x0000000120b4c000 	/Library/Java/JavaVirtualMachines/jdk1.8.0_77.jdk/Contents/Home/jre/lib/libnio.dylib
0x00000001554d3000 	/Library/Java/JavaVirtualMachines/jdk1.8.0_77.jdk/Contents/Home/jre/lib/libsunec.dylib
0x0000000156462000 	/Library/Java/JavaVirtualMachines/jdk1.8.0_77.jdk/Contents/Home/jre/lib/libdcpr.dylib
0x000000011b089000 	/Library/Java/JavaVirtualMachines/jdk1.8.0_77.jdk/Contents/Home/jre/lib/libosx.dylib
0x000000011afc6000 	/private/var/folders/h6/pnr4b68n5dn42qz3vgbz1t500000gn/T/jxbrowser-chromium-51.0.2704.106.6.7/data/Temp/libjxbrowser-common64-36fcc86c-ae05-48a8-ae25-3e1303ad1bbf.dylib
0x000000015a948000 	/var/folders/h6/pnr4b68n5dn42qz3vgbz1t500000gn/T/jxbrowser-chromium-51.0.2704.106.6.7/jxbrowser.app/Contents/Frameworks/JxBrowser.framework/Libraries/libjxbrowser.dylib
0x000000000e16e000 	/System/Library/Frameworks/CoreMedia.framework/Versions/A/CoreMedia
0x000000000e16e000 	/System/Library/Frameworks/CoreMediaIO.framework/Versions/A/CoreMediaIO
0x000000000e16e000 	/System/Library/Frameworks/AVFoundation.framework/Versions/A/AVFoundation
0x000000000e16e000 	/System/Library/Frameworks/QTKit.framework/Versions/A/QTKit
0x000000000e16e000 	/System/Library/Frameworks/ImageCaptureCore.framework/Versions/A/ImageCaptureCore
0x000000000e16e000 	/System/Library/Frameworks/AddressBook.framework/Versions/A/AddressBook
0x000000000e16e000 	/System/Library/Frameworks/SecurityInterface.framework/Versions/A/SecurityInterface
0x000000011f368000 	/System/Library/Frameworks/CoreMIDI.framework/Versions/A/CoreMIDI
0x000000000e16e000 	/System/Library/Frameworks/Quartz.framework/Versions/A/Quartz
0x000000000e16e000 	/usr/lib/libspindump.dylib
0x000000000e16e000 	/usr/lib/libdscsym.dylib
0x000000000e16e000 	/System/Library/Frameworks/VideoToolbox.framework/Versions/A/VideoToolbox
0x000000000e16e000 	/System/Library/Frameworks/MediaToolbox.framework/Versions/A/MediaToolbox
0x000000000e16e000 	/System/Library/PrivateFrameworks/AppleVA.framework/Versions/A/AppleVA
0x000000000e16e000 	/System/Library/PrivateFrameworks/CoreAVCHD.framework/Versions/A/CoreAVCHD
0x000000000e16e000 	/System/Library/Frameworks/MediaAccessibility.framework/Versions/A/MediaAccessibility
0x000000000e16e000 	/System/Library/PrivateFrameworks/Mangrove.framework/Versions/A/Mangrove
0x000000000e16e000 	/System/Library/PrivateFrameworks/CoreAUC.framework/Versions/A/CoreAUC
0x000000000e16e000 	/System/Library/Frameworks/AVFoundation.framework/Versions/A/Frameworks/AVFAudio.framework/Versions/A/AVFAudio
0x000000000e16e000 	/System/Library/PrivateFrameworks/IntlPreferences.framework/Versions/A/IntlPreferences
0x000000000e16e000 	/System/Library/PrivateFrameworks/CoreMediaAuthoring.framework/Versions/A/CoreMediaAuthoring
0x000000000e16e000 	/System/Library/PrivateFrameworks/ContactsPersistence.framework/Versions/A/ContactsPersistence
0x000000000e16e000 	/System/Library/PrivateFrameworks/CalendarAgentLink.framework/Versions/A/CalendarAgentLink
0x000000000e16e000 	/System/Library/PrivateFrameworks/ContactsFoundation.framework/Versions/A/ContactsFoundation
0x000000000e16e000 	/System/Library/PrivateFrameworks/vCard.framework/Versions/A/vCard
0x000000000e16e000 	/System/Library/PrivateFrameworks/ToneLibrary.framework/Versions/A/ToneLibrary
0x000000000e16e000 	/System/Library/PrivateFrameworks/ToneKit.framework/Versions/A/ToneKit
0x000000000e16e000 	/System/Library/PrivateFrameworks/ApplePushService.framework/Versions/A/ApplePushService
0x000000000e16e000 	/System/Library/PrivateFrameworks/PhoneNumbers.framework/Versions/A/PhoneNumbers
0x000000000e16e000 	/System/Library/Frameworks/Accounts.framework/Versions/A/Accounts
0x000000000e16e000 	/System/Library/PrivateFrameworks/OAuth.framework/Versions/A/OAuth
0x000000000e16e000 	/System/Library/Frameworks/Quartz.framework/Versions/A/Frameworks/QuartzComposer.framework/Versions/A/QuartzComposer
0x000000000e16e000 	/System/Library/Frameworks/Quartz.framework/Versions/A/Frameworks/PDFKit.framework/Versions/A/PDFKit
0x000000000e16e000 	/System/Library/Frameworks/Quartz.framework/Versions/A/Frameworks/QuartzFilters.framework/Versions/A/QuartzFilters
0x000000000e16e000 	/System/Library/Frameworks/Quartz.framework/Versions/A/Frameworks/ImageKit.framework/Versions/A/ImageKit
0x000000000e16e000 	/System/Library/Frameworks/Quartz.framework/Versions/A/Frameworks/QuickLookUI.framework/Versions/A/QuickLookUI
0x000000000e16e000 	/System/Library/Frameworks/JavaScriptCore.framework/Versions/A/JavaScriptCore
0x000000000e16e000 	/System/Library/PrivateFrameworks/AppleSystemInfo.framework/Versions/A/AppleSystemInfo
0x000000000e16e000 	/System/Library/PrivateFrameworks/CorePDF.framework/Versions/A/CorePDF
0x000000000e16e000 	/System/Library/Frameworks/QuickLook.framework/Versions/A/QuickLook
0x000000000e16e000 	/System/Library/PrivateFrameworks/DisplayServices.framework/Versions/A/DisplayServices
0x000000000e16e000 	/System/Library/PrivateFrameworks/QuickLookThumbnailing.framework/Versions/A/QuickLookThumbnailing
0x000000000e16e000 	/System/Library/Frameworks/SafariServices.framework/Versions/A/SafariServices
0x000000000e16e000 	/System/Library/PrivateFrameworks/MobileKeyBag.framework/Versions/A/MobileKeyBag
0x000000011bf0b000 	/usr/lib/libexpat.1.dylib
0x000000000e16e000 	/System/Library/PrivateFrameworks/CloudDocs.framework/Versions/A/CloudDocs
0x000000000e16e000 	/System/Library/Frameworks/CloudKit.framework/Versions/A/CloudKit
0x000000000e16e000 	/System/Library/PrivateFrameworks/MMCS.framework/Versions/A/MMCS
0x000000000e16e000 	/System/Library/Frameworks/CoreLocation.framework/Versions/A/CoreLocation
0x000000000e16e000 	/System/Library/PrivateFrameworks/AssetCacheServices.framework/Versions/A/AssetCacheServices
0x000000000e16e000 	/System/Library/PrivateFrameworks/GeoServices.framework/Versions/A/GeoServices
0x000000011bbf8000 	/System/Library/Extensions/AppleHDA.kext/Contents/PlugIns/AppleHDAHALPlugIn.bundle/Contents/MacOS/AppleHDAHALPlugIn
0x000000011f468000 	/Library/CoreMediaIO/Plug-Ins/DAL/AppleCamera.plugin/Contents/MacOS/AppleCamera

VM Arguments:
jvm_args: -Dfile.encoding=UTF-8 
java_command: br.ufc.lps.view.Main
java_class_path (initial): /Users/andersonuchoa/git/DyMMer/bin:/Users/andersonuchoa/git/DyMMer/forms-1.3.0.jar:/Users/andersonuchoa/git/DyMMer/miglayout15-swing.jar:/Users/andersonuchoa/git/DyMMer/libs/jcommon-1.0.23.jar:/Users/andersonuchoa/git/DyMMer/libs/jfreechart-1.0.19.jar:/Users/andersonuchoa/git/DyMMer/libs/jgrapht-jdk1.5.jar:/Users/andersonuchoa/git/DyMMer/libs/json-lib-2.4-jdk13.jar:/Users/andersonuchoa/git/DyMMer/libs/junit-4.1.jar:/Users/andersonuchoa/git/DyMMer/libs/junit.jar:/Users/andersonuchoa/git/DyMMer/libs/opencsv-1.8.jar:/Users/andersonuchoa/git/DyMMer/libs/org.json-20120521.jar:/Users/andersonuchoa/git/DyMMer/libs/org.sat4j.core.jar:/Users/andersonuchoa/git/DyMMer/libs/poi-3.10.1-20140818.jar:/Users/andersonuchoa/git/DyMMer/libs/commons-math3-3.0.jar:/Users/andersonuchoa/git/DyMMer/libs/javabdd.jar:/Users/andersonuchoa/git/DyMMer/libs/okhttp-3.4.1.jar:/Users/andersonuchoa/git/DyMMer/libs/okio-1.9.0.jar:/Users/andersonuchoa/git/DyMMer/libs/gson-2.7.jar:/Users/andersonuchoa/git/DyMMer/libs/commons-lang3-3.4.jar:/Users/andersonuchoa/git/DyMMer/libs/jgraph.jar:/Users/andersonuchoa/git/DyMMer/libs/prefuse.jar:/Users/andersonuchoa/git/DyMMer/libs/jxbrowser-6.7.jar:/Users/andersonuchoa/git/DyMMer/libs/jxbrowser-linux32-6.7.jar:/Users/andersonuchoa/git/DyMMer/libs/jxbrowser-linux64-6.7.jar:/Users/andersonuchoa/git/DyMMer/libs/jxbrowser-mac-6.7.jar:/Users/andersonuchoa/git/DyMMer/libs/jxbrowser-win-6.7.jar:/Users/andersonuchoa/git/DyMMer/libs/license.jar
Launcher Type: SUN_STANDARD

Environment Variables:
PATH=/usr/bin:/bin:/usr/sbin:/sbin
SHELL=/bin/bash
DISPLAY=/private/tmp/com.apple.launchd.KaQy2TpG2a/org.macosforge.xquartz:0

Signal Handlers:
SIGSEGV: [libjvm.dylib+0x5a6855], sa_mask[0]=11111111011111110111111111111111, sa_flags=SA_ONSTACK|SA_RESTART|SA_SIGINFO
SIGBUS: [libjvm.dylib+0x5a6855], sa_mask[0]=11111111011111110111111111111111, sa_flags=SA_RESTART|SA_SIGINFO
SIGFPE: [libjvm.dylib+0x4804ec], sa_mask[0]=11111111011111110111111111111111, sa_flags=SA_RESTART|SA_SIGINFO
SIGPIPE: [libjvm.dylib+0x4804ec], sa_mask[0]=11111111011111110111111111111111, sa_flags=SA_RESTART|SA_SIGINFO
SIGXFSZ: [libjvm.dylib+0x4804ec], sa_mask[0]=11111111011111110111111111111111, sa_flags=SA_RESTART|SA_SIGINFO
SIGILL: [libjvm.dylib+0x4804ec], sa_mask[0]=11111111011111110111111111111111, sa_flags=SA_RESTART|SA_SIGINFO
SIGUSR1: SIG_DFL, sa_mask[0]=00000000000000000000000000000000, sa_flags=none
SIGUSR2: [libjvm.dylib+0x48000a], sa_mask[0]=00100000000000000000000000000000, sa_flags=SA_RESTART|SA_SIGINFO
SIGHUP: [libjvm.dylib+0x47e5e1], sa_mask[0]=11111111011111110111111111111111, sa_flags=SA_RESTART|SA_SIGINFO
SIGINT: [libjvm.dylib+0x47e5e1], sa_mask[0]=11111111011111110111111111111111, sa_flags=SA_RESTART|SA_SIGINFO
SIGTERM: [libjvm.dylib+0x47e5e1], sa_mask[0]=11111111011111110111111111111111, sa_flags=SA_RESTART|SA_SIGINFO
SIGQUIT: [libjvm.dylib+0x47e5e1], sa_mask[0]=11111111011111110111111111111111, sa_flags=SA_RESTART|SA_SIGINFO


---------------  S Y S T E M  ---------------

OS:Bsduname:Darwin 16.0.0 Darwin Kernel Version 16.0.0: Mon Aug 29 17:56:20 PDT 2016; root:xnu-3789.1.32~3/RELEASE_X86_64 x86_64
rlimit: STACK 8192k, CORE 0k, NPROC 709, NOFILE 10240, AS infinity
load average:37.68 9.78 4.89

CPU:total 4 (2 cores per cpu, 2 threads per core) family 6 model 69 stepping 1, cmov, cx8, fxsr, mmx, sse, sse2, sse3, ssse3, sse4.1, sse4.2, popcnt, avx, avx2, aes, clmul, erms, rtm, lzcnt, ht, tsc, tscinvbit, bmi1, bmi2

Memory: 4k page, physical 8388608k(64016k free)

/proc/meminfo:


vm_info: Java HotSpot(TM) 64-Bit Server VM (25.77-b03) for bsd-amd64 JRE (1.8.0_77-b03), built on Mar 20 2016 22:14:03 by "java_re" with gcc 4.2.1 (Based on Apple Inc. build 5658) (LLVM build 2336.11.00)

time: Wed Oct 12 10:52:13 2016
elapsed time: 4345 seconds (0d 1h 12m 25s)

